10 14, 2020 11:11:16 AM SimpleTomcat.Bootstrap logJVM
INFO : Server versions:		SimpleTomcat/1.0.1
10 14, 2020 11:11:16 AM SimpleTomcat.Bootstrap logJVM
INFO : Server built:		2020-10-14
10 14, 2020 11:11:16 AM SimpleTomcat.Bootstrap logJVM
INFO : Server number:		1.0.1
10 14, 2020 11:11:16 AM SimpleTomcat.Bootstrap logJVM
INFO : OS Name	:		Mac OS X
10 14, 2020 11:11:16 AM SimpleTomcat.Bootstrap logJVM
INFO : OS Version:		10.15.6
10 14, 2020 11:11:16 AM SimpleTomcat.Bootstrap logJVM
INFO : Architecture:		x86_64
10 14, 2020 11:11:16 AM SimpleTomcat.Bootstrap logJVM
INFO : Java Home:		/Library/Java/JavaVirtualMachines/jdk1.8.0_171.jdk/Contents/Home/jre
10 14, 2020 11:11:16 AM SimpleTomcat.Bootstrap logJVM
INFO : JVM Version:		1.8.0_171-b11
10 14, 2020 11:11:16 AM SimpleTomcat.Bootstrap logJVM
INFO : JVM Vendor:		Oracle Corporation
10 14, 2020 11:11:16 AM SimpleTomcat.catalina.Context <init>
INFO : Deploying web application directory /Users/zifwang/Desktop/SimpleTomcat/webapps/a
10 14, 2020 11:11:16 AM SimpleTomcat.catalina.Context <init>
INFO : Deployment of web application directory /Users/zifwang/Desktop/SimpleTomcat/webapps/a has finished in 0 ms
10 14, 2020 11:11:16 AM SimpleTomcat.catalina.Context <init>
INFO : Deploying web application directory /Users/zifwang/Desktop/SimpleTomcat/webapps/ROOT
10 14, 2020 11:11:16 AM SimpleTomcat.catalina.Context <init>
INFO : Deployment of web application directory /Users/zifwang/Desktop/SimpleTomcat/webapps/ROOT has finished in 0 ms
10 14, 2020 11:11:16 AM SimpleTomcat.catalina.Context <init>
INFO : Deploying web application directory ~/Desktop/SimpleTomcat/b
10 14, 2020 11:11:16 AM SimpleTomcat.catalina.Context <init>
INFO : Deployment of web application directory ~/Desktop/SimpleTomcat/b has finished in 0 ms
10 14, 2020 11:18:49 AM SimpleTomcat.Bootstrap logJVM
INFO : Server versions:		SimpleTomcat/1.0.1
10 14, 2020 11:18:49 AM SimpleTomcat.Bootstrap logJVM
INFO : Server built:		2020-10-14
10 14, 2020 11:18:49 AM SimpleTomcat.Bootstrap logJVM
INFO : Server number:		1.0.1
10 14, 2020 11:18:49 AM SimpleTomcat.Bootstrap logJVM
INFO : OS Name	:		Mac OS X
10 14, 2020 11:18:49 AM SimpleTomcat.Bootstrap logJVM
INFO : OS Version:		10.15.6
10 14, 2020 11:18:49 AM SimpleTomcat.Bootstrap logJVM
INFO : Architecture:		x86_64
10 14, 2020 11:18:49 AM SimpleTomcat.Bootstrap logJVM
INFO : Java Home:		/Library/Java/JavaVirtualMachines/jdk1.8.0_171.jdk/Contents/Home/jre
10 14, 2020 11:18:49 AM SimpleTomcat.Bootstrap logJVM
INFO : JVM Version:		1.8.0_171-b11
10 14, 2020 11:18:49 AM SimpleTomcat.Bootstrap logJVM
INFO : JVM Vendor:		Oracle Corporation
10 14, 2020 11:18:49 AM SimpleTomcat.catalina.Context <init>
INFO : Deploying web application directory /Users/zifwang/Desktop/SimpleTomcat/webapps/a
10 14, 2020 11:18:49 AM SimpleTomcat.catalina.Context <init>
INFO : Deployment of web application directory /Users/zifwang/Desktop/SimpleTomcat/webapps/a has finished in 1 ms
10 14, 2020 11:18:49 AM SimpleTomcat.catalina.Context <init>
INFO : Deploying web application directory /Users/zifwang/Desktop/SimpleTomcat/webapps/ROOT
10 14, 2020 11:18:49 AM SimpleTomcat.catalina.Context <init>
INFO : Deployment of web application directory /Users/zifwang/Desktop/SimpleTomcat/webapps/ROOT has finished in 0 ms
10 14, 2020 11:18:49 AM SimpleTomcat.catalina.Context <init>
INFO : Deploying web application directory /~/Desktop/SimpleTomcat/b
10 14, 2020 11:18:49 AM SimpleTomcat.catalina.Context <init>
INFO : Deployment of web application directory /~/Desktop/SimpleTomcat/b has finished in 4 ms
10 14, 2020 11:19:08 AM SimpleTomcat.Bootstrap logJVM
INFO : Server versions:		SimpleTomcat/1.0.1
10 14, 2020 11:19:08 AM SimpleTomcat.Bootstrap logJVM
INFO : Server built:		2020-10-14
10 14, 2020 11:19:08 AM SimpleTomcat.Bootstrap logJVM
INFO : Server number:		1.0.1
10 14, 2020 11:19:08 AM SimpleTomcat.Bootstrap logJVM
INFO : OS Name	:		Mac OS X
10 14, 2020 11:19:08 AM SimpleTomcat.Bootstrap logJVM
INFO : OS Version:		10.15.6
10 14, 2020 11:19:08 AM SimpleTomcat.Bootstrap logJVM
INFO : Architecture:		x86_64
10 14, 2020 11:19:08 AM SimpleTomcat.Bootstrap logJVM
INFO : Java Home:		/Library/Java/JavaVirtualMachines/jdk1.8.0_171.jdk/Contents/Home/jre
10 14, 2020 11:19:08 AM SimpleTomcat.Bootstrap logJVM
INFO : JVM Version:		1.8.0_171-b11
10 14, 2020 11:19:08 AM SimpleTomcat.Bootstrap logJVM
INFO : JVM Vendor:		Oracle Corporation
10 14, 2020 11:19:08 AM SimpleTomcat.catalina.Context <init>
INFO : Deploying web application directory /Users/zifwang/Desktop/SimpleTomcat/webapps/a
10 14, 2020 11:19:08 AM SimpleTomcat.catalina.Context <init>
INFO : Deployment of web application directory /Users/zifwang/Desktop/SimpleTomcat/webapps/a has finished in 0 ms
10 14, 2020 11:19:08 AM SimpleTomcat.catalina.Context <init>
INFO : Deploying web application directory /Users/zifwang/Desktop/SimpleTomcat/webapps/ROOT
10 14, 2020 11:19:08 AM SimpleTomcat.catalina.Context <init>
INFO : Deployment of web application directory /Users/zifwang/Desktop/SimpleTomcat/webapps/ROOT has finished in 0 ms
10 14, 2020 11:19:08 AM SimpleTomcat.catalina.Context <init>
INFO : Deploying web application directory /Users/zifwang/Desktop/SimpleTomcat/b
10 14, 2020 11:19:08 AM SimpleTomcat.catalina.Context <init>
INFO : Deployment of web application directory /Users/zifwang/Desktop/SimpleTomcat/b has finished in 2 ms
10 14, 2020 17:46:25 PM SimpleTomcat.Bootstrap logJVM
INFO : Server versions:		SimpleTomcat/1.0.1
10 14, 2020 17:46:25 PM SimpleTomcat.Bootstrap logJVM
INFO : Server built:		2020-10-14
10 14, 2020 17:46:25 PM SimpleTomcat.Bootstrap logJVM
INFO : Server number:		1.0.1
10 14, 2020 17:46:25 PM SimpleTomcat.Bootstrap logJVM
INFO : OS Name	:		Mac OS X
10 14, 2020 17:46:25 PM SimpleTomcat.Bootstrap logJVM
INFO : OS Version:		10.15.6
10 14, 2020 17:46:25 PM SimpleTomcat.Bootstrap logJVM
INFO : Architecture:		x86_64
10 14, 2020 17:46:25 PM SimpleTomcat.Bootstrap logJVM
INFO : Java Home:		/Library/Java/JavaVirtualMachines/jdk1.8.0_171.jdk/Contents/Home/jre
10 14, 2020 17:46:25 PM SimpleTomcat.Bootstrap logJVM
INFO : JVM Version:		1.8.0_171-b11
10 14, 2020 17:46:25 PM SimpleTomcat.Bootstrap logJVM
INFO : JVM Vendor:		Oracle Corporation
10 14, 2020 17:46:26 PM SimpleTomcat.catalina.Context <init>
INFO : Deploying web application directory /Users/zifwang/Desktop/SimpleTomcat/webapps/a
10 14, 2020 17:46:26 PM SimpleTomcat.catalina.Context <init>
INFO : Deployment of web application directory /Users/zifwang/Desktop/SimpleTomcat/webapps/a has finished in 0 ms
10 14, 2020 17:46:26 PM SimpleTomcat.catalina.Context <init>
INFO : Deploying web application directory /Users/zifwang/Desktop/SimpleTomcat/webapps/ROOT
10 14, 2020 17:46:26 PM SimpleTomcat.catalina.Context <init>
INFO : Deployment of web application directory /Users/zifwang/Desktop/SimpleTomcat/webapps/ROOT has finished in 1 ms
10 14, 2020 17:46:26 PM SimpleTomcat.catalina.Context <init>
INFO : Deploying web application directory /Users/zifwang/Desktop/SimpleTomcat/b
10 14, 2020 17:46:26 PM SimpleTomcat.catalina.Context <init>
INFO : Deployment of web application directory /Users/zifwang/Desktop/SimpleTomcat/b has finished in 0 ms
