10 21, 2020 10:17:56 AM SimpleTomcat.catalina.Context <init>
INFO : Deploying web application directory /Users/zifwang/Desktop/SimpleTomcat/webapps/a
10 21, 2020 10:17:56 AM SimpleTomcat.catalina.Context <init>
INFO : Deployment of web application directory /Users/zifwang/Desktop/SimpleTomcat/webapps/a has finished in 440 ms
10 21, 2020 10:17:56 AM SimpleTomcat.catalina.Context <init>
INFO : Deploying web application directory /Users/zifwang/Desktop/SimpleTomcat/webapps/ROOT
10 21, 2020 10:17:56 AM SimpleTomcat.catalina.Context <init>
INFO : Deployment of web application directory /Users/zifwang/Desktop/SimpleTomcat/webapps/ROOT has finished in 0 ms
10 21, 2020 10:17:56 AM SimpleTomcat.catalina.Context <init>
INFO : Deploying web application directory /Users/zifwang/Desktop/SimpleTomcat/b
10 21, 2020 10:17:56 AM SimpleTomcat.catalina.Context <init>
INFO : Deployment of web application directory /Users/zifwang/Desktop/SimpleTomcat/b has finished in 0 ms
10 21, 2020 10:17:56 AM SimpleTomcat.catalina.Server logJVM
INFO : Server versions:		SimpleTomcat/1.0.1
10 21, 2020 10:17:56 AM SimpleTomcat.catalina.Server logJVM
INFO : Server built:		2020-10-21
10 21, 2020 10:17:56 AM SimpleTomcat.catalina.Server logJVM
INFO : Server number:		1.0.1
10 21, 2020 10:17:56 AM SimpleTomcat.catalina.Server logJVM
INFO : OS Name	:		Mac OS X
10 21, 2020 10:17:56 AM SimpleTomcat.catalina.Server logJVM
INFO : OS Version:		10.15.6
10 21, 2020 10:17:56 AM SimpleTomcat.catalina.Server logJVM
INFO : Architecture:		x86_64
10 21, 2020 10:17:56 AM SimpleTomcat.catalina.Server logJVM
INFO : Java Home:		/Library/Java/JavaVirtualMachines/jdk1.8.0_171.jdk/Contents/Home/jre
10 21, 2020 10:17:56 AM SimpleTomcat.catalina.Server logJVM
INFO : JVM Version:		1.8.0_171-b11
10 21, 2020 10:17:56 AM SimpleTomcat.catalina.Server logJVM
INFO : JVM Vendor:		Oracle Corporation
