10 27, 2020 20:15:52 PM SimpleTomcat.catalina.Context <init>
INFO : Deploying web application directory /Users/zifwang/Desktop/SimpleTomcat/webapps/a
10 27, 2020 20:15:52 PM SimpleTomcat.catalina.Context <init>
INFO : Deployment of web application directory /Users/zifwang/Desktop/SimpleTomcat/webapps/a has finished in 201 ms
10 27, 2020 20:15:52 PM SimpleTomcat.catalina.Context <init>
INFO : Deploying web application directory /Users/zifwang/Desktop/SimpleTomcat/webapps/ROOT
10 27, 2020 20:15:52 PM SimpleTomcat.catalina.Context <init>
INFO : Deployment of web application directory /Users/zifwang/Desktop/SimpleTomcat/webapps/ROOT has finished in 2 ms
10 27, 2020 20:15:52 PM SimpleTomcat.catalina.Context <init>
INFO : Deploying web application directory /Users/zifwang/Desktop/SimpleTomcat/b
10 27, 2020 20:15:52 PM SimpleTomcat.catalina.Context <init>
INFO : Deployment of web application directory /Users/zifwang/Desktop/SimpleTomcat/b has finished in 0 ms
10 27, 2020 20:15:52 PM SimpleTomcat.catalina.Server logJVM
INFO : Server versions:		SimpleTomcat/1.0.1
10 27, 2020 20:15:52 PM SimpleTomcat.catalina.Server logJVM
INFO : Server built:		2020-10-27
10 27, 2020 20:15:52 PM SimpleTomcat.catalina.Server logJVM
INFO : Server number:		1.0.1
10 27, 2020 20:15:52 PM SimpleTomcat.catalina.Server logJVM
INFO : OS Name	:		Mac OS X
10 27, 2020 20:15:52 PM SimpleTomcat.catalina.Server logJVM
INFO : OS Version:		10.15.6
10 27, 2020 20:15:52 PM SimpleTomcat.catalina.Server logJVM
INFO : Architecture:		x86_64
10 27, 2020 20:15:52 PM SimpleTomcat.catalina.Server logJVM
INFO : Java Home:		/Library/Java/JavaVirtualMachines/jdk1.8.0_171.jdk/Contents/Home/jre
10 27, 2020 20:15:52 PM SimpleTomcat.catalina.Server logJVM
INFO : JVM Version:		1.8.0_171-b11
10 27, 2020 20:15:52 PM SimpleTomcat.catalina.Server logJVM
INFO : JVM Vendor:		Oracle Corporation
10 27, 2020 20:15:52 PM SimpleTomcat.catalina.Connector init
INFO : Initializing ProtocolHandler [http-bio-8080]
10 27, 2020 20:15:52 PM SimpleTomcat.catalina.Connector init
INFO : Initializing ProtocolHandler [http-bio-8081]
10 27, 2020 20:15:52 PM SimpleTomcat.catalina.Connector init
INFO : Initializing ProtocolHandler [http-bio-8082]
10 27, 2020 20:15:52 PM SimpleTomcat.catalina.Service init
INFO : Initialization processed in 9 ms
10 27, 2020 20:15:52 PM SimpleTomcat.catalina.Connector start
INFO : Starting ProtocolHandler [http-bio-8080]
10 27, 2020 20:15:52 PM SimpleTomcat.catalina.Connector start
INFO : Starting ProtocolHandler [http-bio-8081]
10 27, 2020 20:15:52 PM SimpleTomcat.catalina.Connector start
INFO : Starting ProtocolHandler [http-bio-8082]
10 27, 2020 20:15:52 PM SimpleTomcat.catalina.Server start
INFO : Server startup in 24 ms
10 27, 2020 20:16:15 PM SimpleTomcat.catalina.Connector$1 error
ERROR: 
java.lang.NullPointerException
	at SimpleTomcat.catalina.Connector$1.run(Connector.java:86)
	at java.util.concurrent.ThreadPoolExecutor.runWorker(ThreadPoolExecutor.java:1149)
	at java.util.concurrent.ThreadPoolExecutor$Worker.run(ThreadPoolExecutor.java:624)
	at java.lang.Thread.run(Thread.java:748)
10 27, 2020 20:16:17 PM SimpleTomcat.catalina.Connector$1 error
ERROR: this is a deliberately created exception
java.lang.Exception: this is a deliberately created exception
	at SimpleTomcat.catalina.Connector$1.run(Connector.java:83)
	at java.util.concurrent.ThreadPoolExecutor.runWorker(ThreadPoolExecutor.java:1149)
	at java.util.concurrent.ThreadPoolExecutor$Worker.run(ThreadPoolExecutor.java:624)
	at java.lang.Thread.run(Thread.java:748)
10 27, 2020 20:16:34 PM SimpleTomcat.catalina.Connector$1 error
ERROR: 
java.lang.NullPointerException
	at SimpleTomcat.catalina.Connector$1.run(Connector.java:86)
	at java.util.concurrent.ThreadPoolExecutor.runWorker(ThreadPoolExecutor.java:1149)
	at java.util.concurrent.ThreadPoolExecutor$Worker.run(ThreadPoolExecutor.java:624)
	at java.lang.Thread.run(Thread.java:748)
10 27, 2020 20:16:35 PM SimpleTomcat.catalina.Connector$1 error
ERROR: this is a deliberately created exception
java.lang.Exception: this is a deliberately created exception
	at SimpleTomcat.catalina.Connector$1.run(Connector.java:83)
	at java.util.concurrent.ThreadPoolExecutor.runWorker(ThreadPoolExecutor.java:1149)
	at java.util.concurrent.ThreadPoolExecutor$Worker.run(ThreadPoolExecutor.java:624)
	at java.lang.Thread.run(Thread.java:748)
10 27, 2020 23:32:33 PM SimpleTomcat.catalina.Context <init>
INFO : Deploying web application directory /Users/zifwang/Desktop/SimpleTomcat/webapps/a
10 27, 2020 23:32:33 PM SimpleTomcat.catalina.Context <init>
INFO : Deployment of web application directory /Users/zifwang/Desktop/SimpleTomcat/webapps/a has finished in 298 ms
10 27, 2020 23:32:33 PM SimpleTomcat.catalina.Context <init>
INFO : Deploying web application directory /Users/zifwang/Desktop/SimpleTomcat/webapps/ROOT
10 27, 2020 23:32:33 PM SimpleTomcat.catalina.Context <init>
INFO : Deployment of web application directory /Users/zifwang/Desktop/SimpleTomcat/webapps/ROOT has finished in 0 ms
10 27, 2020 23:32:33 PM SimpleTomcat.catalina.Context <init>
INFO : Deploying web application directory /Users/zifwang/Desktop/SimpleTomcat/b
10 27, 2020 23:32:33 PM SimpleTomcat.catalina.Context <init>
INFO : Deployment of web application directory /Users/zifwang/Desktop/SimpleTomcat/b has finished in 1 ms
10 27, 2020 23:32:33 PM SimpleTomcat.catalina.Server logJVM
INFO : Server versions:		SimpleTomcat/1.0.1
10 27, 2020 23:32:33 PM SimpleTomcat.catalina.Server logJVM
INFO : Server built:		2020-10-27
10 27, 2020 23:32:33 PM SimpleTomcat.catalina.Server logJVM
INFO : Server number:		1.0.1
10 27, 2020 23:32:33 PM SimpleTomcat.catalina.Server logJVM
INFO : OS Name	:		Mac OS X
10 27, 2020 23:32:33 PM SimpleTomcat.catalina.Server logJVM
INFO : OS Version:		10.15.6
10 27, 2020 23:32:33 PM SimpleTomcat.catalina.Server logJVM
INFO : Architecture:		x86_64
10 27, 2020 23:32:33 PM SimpleTomcat.catalina.Server logJVM
INFO : Java Home:		/Library/Java/JavaVirtualMachines/jdk1.8.0_171.jdk/Contents/Home/jre
10 27, 2020 23:32:33 PM SimpleTomcat.catalina.Server logJVM
INFO : JVM Version:		1.8.0_171-b11
10 27, 2020 23:32:33 PM SimpleTomcat.catalina.Server logJVM
INFO : JVM Vendor:		Oracle Corporation
10 27, 2020 23:32:33 PM SimpleTomcat.catalina.Connector init
INFO : Initializing ProtocolHandler [http-bio-8080]
10 27, 2020 23:32:33 PM SimpleTomcat.catalina.Connector init
INFO : Initializing ProtocolHandler [http-bio-8081]
10 27, 2020 23:32:33 PM SimpleTomcat.catalina.Connector init
INFO : Initializing ProtocolHandler [http-bio-8082]
10 27, 2020 23:32:33 PM SimpleTomcat.catalina.Service init
INFO : Initialization processed in 4 ms
10 27, 2020 23:32:33 PM SimpleTomcat.catalina.Connector start
INFO : Starting ProtocolHandler [http-bio-8080]
10 27, 2020 23:32:33 PM SimpleTomcat.catalina.Connector start
INFO : Starting ProtocolHandler [http-bio-8081]
10 27, 2020 23:32:33 PM SimpleTomcat.catalina.Connector start
INFO : Starting ProtocolHandler [http-bio-8082]
10 27, 2020 23:32:33 PM SimpleTomcat.catalina.Server start
INFO : Server startup in 34 ms
10 27, 2020 23:32:42 PM SimpleTomcat.catalina.HttpProcessor error
ERROR: 
java.lang.NullPointerException
	at SimpleTomcat.catalina.HttpProcessor.execute(HttpProcessor.java:38)
	at SimpleTomcat.catalina.Connector$1.run(Connector.java:75)
	at java.util.concurrent.ThreadPoolExecutor.runWorker(ThreadPoolExecutor.java:1149)
	at java.util.concurrent.ThreadPoolExecutor$Worker.run(ThreadPoolExecutor.java:624)
	at java.lang.Thread.run(Thread.java:748)
10 27, 2020 23:32:44 PM SimpleTomcat.catalina.HttpProcessor error
ERROR: this is a deliberately created exception
java.lang.Exception: this is a deliberately created exception
	at SimpleTomcat.catalina.HttpProcessor.execute(HttpProcessor.java:35)
	at SimpleTomcat.catalina.Connector$1.run(Connector.java:75)
	at java.util.concurrent.ThreadPoolExecutor.runWorker(ThreadPoolExecutor.java:1149)
	at java.util.concurrent.ThreadPoolExecutor$Worker.run(ThreadPoolExecutor.java:624)
	at java.lang.Thread.run(Thread.java:748)
