09 25, 2020 14:24:27 PM SimpleTomcat.Bootstrap logJVM
INFO : Server versions:		SimpleTomcat/1.0.1
09 25, 2020 14:24:27 PM SimpleTomcat.Bootstrap logJVM
INFO : Server built:		2020-09-25
09 25, 2020 14:24:27 PM SimpleTomcat.Bootstrap logJVM
INFO : Server number:		1.0.1
09 25, 2020 14:24:27 PM SimpleTomcat.Bootstrap logJVM
INFO : OS Name	:		Mac OS X
09 25, 2020 14:24:27 PM SimpleTomcat.Bootstrap logJVM
INFO : OS Version:		10.15.6
09 25, 2020 14:24:27 PM SimpleTomcat.Bootstrap logJVM
INFO : Architecture:		x86_64
09 25, 2020 14:24:27 PM SimpleTomcat.Bootstrap logJVM
INFO : Java Home:		/Library/Java/JavaVirtualMachines/jdk1.8.0_171.jdk/Contents/Home/jre
09 25, 2020 14:24:27 PM SimpleTomcat.Bootstrap logJVM
INFO : JVM Version:		1.8.0_171-b11
09 25, 2020 14:24:27 PM SimpleTomcat.Bootstrap logJVM
INFO : JVM Vendor:		Oracle Corporation
09 25, 2020 14:55:18 PM SimpleTomcat.Bootstrap logJVM
INFO : Server versions:		SimpleTomcat/1.0.1
09 25, 2020 14:55:18 PM SimpleTomcat.Bootstrap logJVM
INFO : Server built:		2020-09-25
09 25, 2020 14:55:18 PM SimpleTomcat.Bootstrap logJVM
INFO : Server number:		1.0.1
09 25, 2020 14:55:18 PM SimpleTomcat.Bootstrap logJVM
INFO : OS Name	:		Mac OS X
09 25, 2020 14:55:18 PM SimpleTomcat.Bootstrap logJVM
INFO : OS Version:		10.15.6
09 25, 2020 14:55:18 PM SimpleTomcat.Bootstrap logJVM
INFO : Architecture:		x86_64
09 25, 2020 14:55:18 PM SimpleTomcat.Bootstrap logJVM
INFO : Java Home:		/Library/Java/JavaVirtualMachines/jdk1.8.0_171.jdk/Contents/Home/jre
09 25, 2020 14:55:18 PM SimpleTomcat.Bootstrap logJVM
INFO : JVM Version:		1.8.0_171-b11
09 25, 2020 14:55:18 PM SimpleTomcat.Bootstrap logJVM
INFO : JVM Vendor:		Oracle Corporation
09 25, 2020 15:00:41 PM SimpleTomcat.Bootstrap logJVM
INFO : Server versions:		SimpleTomcat/1.0.1
09 25, 2020 15:00:41 PM SimpleTomcat.Bootstrap logJVM
INFO : Server built:		2020-09-25
09 25, 2020 15:00:41 PM SimpleTomcat.Bootstrap logJVM
INFO : Server number:		1.0.1
09 25, 2020 15:00:41 PM SimpleTomcat.Bootstrap logJVM
INFO : OS Name	:		Mac OS X
09 25, 2020 15:00:41 PM SimpleTomcat.Bootstrap logJVM
INFO : OS Version:		10.15.6
09 25, 2020 15:00:41 PM SimpleTomcat.Bootstrap logJVM
INFO : Architecture:		x86_64
09 25, 2020 15:00:41 PM SimpleTomcat.Bootstrap logJVM
INFO : Java Home:		/Library/Java/JavaVirtualMachines/jdk1.8.0_171.jdk/Contents/Home/jre
09 25, 2020 15:00:41 PM SimpleTomcat.Bootstrap logJVM
INFO : JVM Version:		1.8.0_171-b11
09 25, 2020 15:00:41 PM SimpleTomcat.Bootstrap logJVM
INFO : JVM Vendor:		Oracle Corporation
09 25, 2020 15:03:42 PM SimpleTomcat.Bootstrap logJVM
INFO : Server versions:		SimpleTomcat/1.0.1
09 25, 2020 15:03:42 PM SimpleTomcat.Bootstrap logJVM
INFO : Server built:		2020-09-25
09 25, 2020 15:03:42 PM SimpleTomcat.Bootstrap logJVM
INFO : Server number:		1.0.1
09 25, 2020 15:03:42 PM SimpleTomcat.Bootstrap logJVM
INFO : OS Name	:		Mac OS X
09 25, 2020 15:03:42 PM SimpleTomcat.Bootstrap logJVM
INFO : OS Version:		10.15.6
09 25, 2020 15:03:42 PM SimpleTomcat.Bootstrap logJVM
INFO : Architecture:		x86_64
09 25, 2020 15:03:42 PM SimpleTomcat.Bootstrap logJVM
INFO : Java Home:		/Library/Java/JavaVirtualMachines/jdk1.8.0_171.jdk/Contents/Home/jre
09 25, 2020 15:03:42 PM SimpleTomcat.Bootstrap logJVM
INFO : JVM Version:		1.8.0_171-b11
09 25, 2020 15:03:42 PM SimpleTomcat.Bootstrap logJVM
INFO : JVM Vendor:		Oracle Corporation
