10 30, 2020 17:30:27 PM SimpleTomcat.catalina.Context deploy
INFO : Deploying web application directory /Users/zifwang/Desktop/SimpleTomcat/webapps/j2ee
10 30, 2020 17:30:27 PM SimpleTomcat.catalina.Context deploy
INFO : Deployment of web application directory /Users/zifwang/Desktop/SimpleTomcat/webapps/j2ee succeed in 260 ms
10 30, 2020 17:30:27 PM SimpleTomcat.catalina.Context deploy
INFO : Deploying web application directory /Users/zifwang/Desktop/SimpleTomcat/webapps/a
10 30, 2020 17:30:27 PM SimpleTomcat.catalina.Context init
INFO : Web application directory /Users/zifwang/Desktop/SimpleTomcat/webapps/a doesn't contains web.xml file
10 30, 2020 17:30:27 PM SimpleTomcat.catalina.Context deploy
INFO : Deployment of web application directory /Users/zifwang/Desktop/SimpleTomcat/webapps/a failed in 3 ms
10 30, 2020 17:30:27 PM SimpleTomcat.catalina.Context deploy
INFO : Deploying web application directory /Users/zifwang/Desktop/SimpleTomcat/webapps/ROOT
10 30, 2020 17:30:27 PM SimpleTomcat.catalina.Context init
INFO : Web application directory /Users/zifwang/Desktop/SimpleTomcat/webapps/ROOT doesn't contains web.xml file
10 30, 2020 17:30:27 PM SimpleTomcat.catalina.Context deploy
INFO : Deployment of web application directory /Users/zifwang/Desktop/SimpleTomcat/webapps/ROOT failed in 2 ms
10 30, 2020 17:30:27 PM SimpleTomcat.catalina.Context deploy
INFO : Deploying web application directory /Users/zifwang/Desktop/SimpleTomcat/b
10 30, 2020 17:30:27 PM SimpleTomcat.catalina.Context init
INFO : Web application directory /Users/zifwang/Desktop/SimpleTomcat/b doesn't contains web.xml file
10 30, 2020 17:30:27 PM SimpleTomcat.catalina.Context deploy
INFO : Deployment of web application directory /Users/zifwang/Desktop/SimpleTomcat/b failed in 6 ms
10 30, 2020 17:30:27 PM SimpleTomcat.catalina.Server logJVM
INFO : Server versions:		SimpleTomcat/1.0.1
10 30, 2020 17:30:27 PM SimpleTomcat.catalina.Server logJVM
INFO : Server built:		2020-10-30
10 30, 2020 17:30:27 PM SimpleTomcat.catalina.Server logJVM
INFO : Server number:		1.0.1
10 30, 2020 17:30:27 PM SimpleTomcat.catalina.Server logJVM
INFO : OS Name	:		Mac OS X
10 30, 2020 17:30:27 PM SimpleTomcat.catalina.Server logJVM
INFO : OS Version:		10.15.6
10 30, 2020 17:30:27 PM SimpleTomcat.catalina.Server logJVM
INFO : Architecture:		x86_64
10 30, 2020 17:30:27 PM SimpleTomcat.catalina.Server logJVM
INFO : Java Home:		/Library/Java/JavaVirtualMachines/jdk1.8.0_171.jdk/Contents/Home/jre
10 30, 2020 17:30:27 PM SimpleTomcat.catalina.Server logJVM
INFO : JVM Version:		1.8.0_171-b11
10 30, 2020 17:30:27 PM SimpleTomcat.catalina.Server logJVM
INFO : JVM Vendor:		Oracle Corporation
10 30, 2020 17:30:27 PM SimpleTomcat.catalina.Connector init
INFO : Initializing ProtocolHandler [http-bio-8080]
10 30, 2020 17:30:27 PM SimpleTomcat.catalina.Connector init
INFO : Initializing ProtocolHandler [http-bio-8081]
10 30, 2020 17:30:27 PM SimpleTomcat.catalina.Connector init
INFO : Initializing ProtocolHandler [http-bio-8082]
10 30, 2020 17:30:27 PM SimpleTomcat.catalina.Service init
INFO : Initialization processed in 2 ms
10 30, 2020 17:30:27 PM SimpleTomcat.catalina.Connector start
INFO : Starting ProtocolHandler [http-bio-8080]
10 30, 2020 17:30:27 PM SimpleTomcat.catalina.Connector start
INFO : Starting ProtocolHandler [http-bio-8081]
10 30, 2020 17:30:27 PM SimpleTomcat.catalina.Connector start
INFO : Starting ProtocolHandler [http-bio-8082]
10 30, 2020 17:30:27 PM SimpleTomcat.catalina.Server start
INFO : Server startup in 45 ms
10 30, 2020 17:31:13 PM SimpleTomcat.catalina.HttpProcessor error
ERROR: this is a deliberately created exception
java.lang.Exception: this is a deliberately created exception
	at SimpleTomcat.catalina.HttpProcessor.execute(HttpProcessor.java:44)
	at SimpleTomcat.catalina.Connector$1.run(Connector.java:66)
	at java.util.concurrent.ThreadPoolExecutor.runWorker(ThreadPoolExecutor.java:1149)
	at java.util.concurrent.ThreadPoolExecutor$Worker.run(ThreadPoolExecutor.java:624)
	at java.lang.Thread.run(Thread.java:748)
10 30, 2020 17:31:14 PM SimpleTomcat.catalina.HttpProcessor error
ERROR: Instance class [cn.how2j.SimpleTomcat.webappservlet.HelloServlet] error!
cn.hutool.core.exceptions.UtilException: Instance class [cn.how2j.SimpleTomcat.webappservlet.HelloServlet] error!
	at cn.hutool.core.util.ReflectUtil.newInstance(ReflectUtil.java:594)
	at SimpleTomcat.catalina.HttpProcessor.execute(HttpProcessor.java:40)
	at SimpleTomcat.catalina.Connector$1.run(Connector.java:66)
	at java.util.concurrent.ThreadPoolExecutor.runWorker(ThreadPoolExecutor.java:1149)
	at java.util.concurrent.ThreadPoolExecutor$Worker.run(ThreadPoolExecutor.java:624)
	at java.lang.Thread.run(Thread.java:748)
Caused by: java.lang.ClassNotFoundException: cn.how2j.SimpleTomcat.webappservlet.HelloServlet
	at java.net.URLClassLoader.findClass(URLClassLoader.java:381)
	at java.lang.ClassLoader.loadClass(ClassLoader.java:424)
	at sun.misc.Launcher$AppClassLoader.loadClass(Launcher.java:349)
	at java.lang.ClassLoader.loadClass(ClassLoader.java:357)
	at java.lang.Class.forName0(Native Method)
	at java.lang.Class.forName(Class.java:264)
	at cn.hutool.core.util.ReflectUtil.newInstance(ReflectUtil.java:592)
	... 5 more
10 30, 2020 17:33:45 PM SimpleTomcat.catalina.Context deploy
INFO : Deploying web application directory /Users/zifwang/Desktop/SimpleTomcat/webapps/j2ee
10 30, 2020 17:33:45 PM SimpleTomcat.catalina.Context deploy
INFO : Deployment of web application directory /Users/zifwang/Desktop/SimpleTomcat/webapps/j2ee succeed in 203 ms
10 30, 2020 17:33:45 PM SimpleTomcat.catalina.Context deploy
INFO : Deploying web application directory /Users/zifwang/Desktop/SimpleTomcat/webapps/a
10 30, 2020 17:33:45 PM SimpleTomcat.catalina.Context init
INFO : Web application directory /Users/zifwang/Desktop/SimpleTomcat/webapps/a doesn't contains web.xml file
10 30, 2020 17:33:45 PM SimpleTomcat.catalina.Context deploy
INFO : Deployment of web application directory /Users/zifwang/Desktop/SimpleTomcat/webapps/a succeed in 1 ms
10 30, 2020 17:33:45 PM SimpleTomcat.catalina.Context deploy
INFO : Deploying web application directory /Users/zifwang/Desktop/SimpleTomcat/webapps/ROOT
10 30, 2020 17:33:45 PM SimpleTomcat.catalina.Context init
INFO : Web application directory /Users/zifwang/Desktop/SimpleTomcat/webapps/ROOT doesn't contains web.xml file
10 30, 2020 17:33:45 PM SimpleTomcat.catalina.Context deploy
INFO : Deployment of web application directory /Users/zifwang/Desktop/SimpleTomcat/webapps/ROOT succeed in 1 ms
10 30, 2020 17:33:45 PM SimpleTomcat.catalina.Context deploy
INFO : Deploying web application directory /Users/zifwang/Desktop/SimpleTomcat/b
10 30, 2020 17:33:45 PM SimpleTomcat.catalina.Context init
INFO : Web application directory /Users/zifwang/Desktop/SimpleTomcat/b doesn't contains web.xml file
10 30, 2020 17:33:45 PM SimpleTomcat.catalina.Context deploy
INFO : Deployment of web application directory /Users/zifwang/Desktop/SimpleTomcat/b succeed in 1 ms
10 30, 2020 17:33:45 PM SimpleTomcat.catalina.Server logJVM
INFO : Server versions:		SimpleTomcat/1.0.1
10 30, 2020 17:33:45 PM SimpleTomcat.catalina.Server logJVM
INFO : Server built:		2020-10-30
10 30, 2020 17:33:45 PM SimpleTomcat.catalina.Server logJVM
INFO : Server number:		1.0.1
10 30, 2020 17:33:45 PM SimpleTomcat.catalina.Server logJVM
INFO : OS Name	:		Mac OS X
10 30, 2020 17:33:45 PM SimpleTomcat.catalina.Server logJVM
INFO : OS Version:		10.15.6
10 30, 2020 17:33:45 PM SimpleTomcat.catalina.Server logJVM
INFO : Architecture:		x86_64
10 30, 2020 17:33:45 PM SimpleTomcat.catalina.Server logJVM
INFO : Java Home:		/Library/Java/JavaVirtualMachines/jdk1.8.0_171.jdk/Contents/Home/jre
10 30, 2020 17:33:45 PM SimpleTomcat.catalina.Server logJVM
INFO : JVM Version:		1.8.0_171-b11
10 30, 2020 17:33:45 PM SimpleTomcat.catalina.Server logJVM
INFO : JVM Vendor:		Oracle Corporation
10 30, 2020 17:33:45 PM SimpleTomcat.catalina.Connector init
INFO : Initializing ProtocolHandler [http-bio-8080]
10 30, 2020 17:33:45 PM SimpleTomcat.catalina.Connector init
INFO : Initializing ProtocolHandler [http-bio-8081]
10 30, 2020 17:33:45 PM SimpleTomcat.catalina.Connector init
INFO : Initializing ProtocolHandler [http-bio-8082]
10 30, 2020 17:33:45 PM SimpleTomcat.catalina.Service init
INFO : Initialization processed in 8 ms
10 30, 2020 17:33:45 PM SimpleTomcat.catalina.Connector start
INFO : Starting ProtocolHandler [http-bio-8080]
10 30, 2020 17:33:45 PM SimpleTomcat.catalina.Connector start
INFO : Starting ProtocolHandler [http-bio-8081]
10 30, 2020 17:33:45 PM SimpleTomcat.catalina.Connector start
INFO : Starting ProtocolHandler [http-bio-8082]
10 30, 2020 17:33:45 PM SimpleTomcat.catalina.Server start
INFO : Server startup in 47 ms
10 30, 2020 17:34:13 PM SimpleTomcat.catalina.HttpProcessor error
ERROR: Instance class [cn.how2j.SimpleTomcat.webappservlet.HelloServlet] error!
cn.hutool.core.exceptions.UtilException: Instance class [cn.how2j.SimpleTomcat.webappservlet.HelloServlet] error!
	at cn.hutool.core.util.ReflectUtil.newInstance(ReflectUtil.java:594)
	at SimpleTomcat.catalina.HttpProcessor.execute(HttpProcessor.java:40)
	at SimpleTomcat.catalina.Connector$1.run(Connector.java:66)
	at java.util.concurrent.ThreadPoolExecutor.runWorker(ThreadPoolExecutor.java:1149)
	at java.util.concurrent.ThreadPoolExecutor$Worker.run(ThreadPoolExecutor.java:624)
	at java.lang.Thread.run(Thread.java:748)
Caused by: java.lang.ClassNotFoundException: cn.how2j.SimpleTomcat.webappservlet.HelloServlet
	at java.net.URLClassLoader.findClass(URLClassLoader.java:381)
	at java.lang.ClassLoader.loadClass(ClassLoader.java:424)
	at sun.misc.Launcher$AppClassLoader.loadClass(Launcher.java:349)
	at java.lang.ClassLoader.loadClass(ClassLoader.java:357)
	at java.lang.Class.forName0(Native Method)
	at java.lang.Class.forName(Class.java:264)
	at cn.hutool.core.util.ReflectUtil.newInstance(ReflectUtil.java:592)
	... 5 more
10 30, 2020 17:34:24 PM SimpleTomcat.catalina.HttpProcessor error
ERROR: Instance class [cn.how2j.SimpleTomcat.webappservlet.HelloServlet] error!
cn.hutool.core.exceptions.UtilException: Instance class [cn.how2j.SimpleTomcat.webappservlet.HelloServlet] error!
	at cn.hutool.core.util.ReflectUtil.newInstance(ReflectUtil.java:594)
	at SimpleTomcat.catalina.HttpProcessor.execute(HttpProcessor.java:40)
	at SimpleTomcat.catalina.Connector$1.run(Connector.java:66)
	at java.util.concurrent.ThreadPoolExecutor.runWorker(ThreadPoolExecutor.java:1149)
	at java.util.concurrent.ThreadPoolExecutor$Worker.run(ThreadPoolExecutor.java:624)
	at java.lang.Thread.run(Thread.java:748)
Caused by: java.lang.ClassNotFoundException: cn.how2j.SimpleTomcat.webappservlet.HelloServlet
	at java.net.URLClassLoader.findClass(URLClassLoader.java:381)
	at java.lang.ClassLoader.loadClass(ClassLoader.java:424)
	at sun.misc.Launcher$AppClassLoader.loadClass(Launcher.java:349)
	at java.lang.ClassLoader.loadClass(ClassLoader.java:357)
	at java.lang.Class.forName0(Native Method)
	at java.lang.Class.forName(Class.java:264)
	at cn.hutool.core.util.ReflectUtil.newInstance(ReflectUtil.java:592)
	... 5 more
10 30, 2020 17:35:25 PM SimpleTomcat.catalina.Context deploy
INFO : Deploying web application directory /Users/zifwang/Desktop/SimpleTomcat/webapps/j2ee
10 30, 2020 17:35:25 PM SimpleTomcat.catalina.Context deploy
INFO : Deployment of web application directory /Users/zifwang/Desktop/SimpleTomcat/webapps/j2ee succeed in 234 ms
10 30, 2020 17:35:25 PM SimpleTomcat.catalina.Context deploy
INFO : Deploying web application directory /Users/zifwang/Desktop/SimpleTomcat/webapps/a
10 30, 2020 17:35:25 PM SimpleTomcat.catalina.Context init
INFO : Web application directory /Users/zifwang/Desktop/SimpleTomcat/webapps/a doesn't contains web.xml file
10 30, 2020 17:35:25 PM SimpleTomcat.catalina.Context deploy
INFO : Deployment of web application directory /Users/zifwang/Desktop/SimpleTomcat/webapps/a succeed in 11 ms
10 30, 2020 17:35:25 PM SimpleTomcat.catalina.Context deploy
INFO : Deploying web application directory /Users/zifwang/Desktop/SimpleTomcat/webapps/ROOT
10 30, 2020 17:35:25 PM SimpleTomcat.catalina.Context init
INFO : Web application directory /Users/zifwang/Desktop/SimpleTomcat/webapps/ROOT doesn't contains web.xml file
10 30, 2020 17:35:25 PM SimpleTomcat.catalina.Context deploy
INFO : Deployment of web application directory /Users/zifwang/Desktop/SimpleTomcat/webapps/ROOT succeed in 16 ms
10 30, 2020 17:35:25 PM SimpleTomcat.catalina.Context deploy
INFO : Deploying web application directory /Users/zifwang/Desktop/SimpleTomcat/b
10 30, 2020 17:35:25 PM SimpleTomcat.catalina.Context init
INFO : Web application directory /Users/zifwang/Desktop/SimpleTomcat/b doesn't contains web.xml file
10 30, 2020 17:35:25 PM SimpleTomcat.catalina.Context deploy
INFO : Deployment of web application directory /Users/zifwang/Desktop/SimpleTomcat/b succeed in 1 ms
10 30, 2020 17:35:25 PM SimpleTomcat.catalina.Server logJVM
INFO : Server versions:		SimpleTomcat/1.0.1
10 30, 2020 17:35:25 PM SimpleTomcat.catalina.Server logJVM
INFO : Server built:		2020-10-30
10 30, 2020 17:35:25 PM SimpleTomcat.catalina.Server logJVM
INFO : Server number:		1.0.1
10 30, 2020 17:35:25 PM SimpleTomcat.catalina.Server logJVM
INFO : OS Name	:		Mac OS X
10 30, 2020 17:35:25 PM SimpleTomcat.catalina.Server logJVM
INFO : OS Version:		10.15.6
10 30, 2020 17:35:25 PM SimpleTomcat.catalina.Server logJVM
INFO : Architecture:		x86_64
10 30, 2020 17:35:25 PM SimpleTomcat.catalina.Server logJVM
INFO : Java Home:		/Library/Java/JavaVirtualMachines/jdk1.8.0_171.jdk/Contents/Home/jre
10 30, 2020 17:35:25 PM SimpleTomcat.catalina.Server logJVM
INFO : JVM Version:		1.8.0_171-b11
10 30, 2020 17:35:25 PM SimpleTomcat.catalina.Server logJVM
INFO : JVM Vendor:		Oracle Corporation
10 30, 2020 17:35:25 PM SimpleTomcat.catalina.Connector init
INFO : Initializing ProtocolHandler [http-bio-8080]
10 30, 2020 17:35:25 PM SimpleTomcat.catalina.Connector init
INFO : Initializing ProtocolHandler [http-bio-8081]
10 30, 2020 17:35:25 PM SimpleTomcat.catalina.Connector init
INFO : Initializing ProtocolHandler [http-bio-8082]
10 30, 2020 17:35:25 PM SimpleTomcat.catalina.Service init
INFO : Initialization processed in 10 ms
10 30, 2020 17:35:25 PM SimpleTomcat.catalina.Connector start
INFO : Starting ProtocolHandler [http-bio-8080]
10 30, 2020 17:35:25 PM SimpleTomcat.catalina.Connector start
INFO : Starting ProtocolHandler [http-bio-8081]
10 30, 2020 17:35:25 PM SimpleTomcat.catalina.Connector start
INFO : Starting ProtocolHandler [http-bio-8082]
10 30, 2020 17:35:25 PM SimpleTomcat.catalina.Server start
INFO : Server startup in 49 ms
10 30, 2020 17:35:53 PM SimpleTomcat.catalina.HttpProcessor error
ERROR: this is a deliberately created exception
java.lang.Exception: this is a deliberately created exception
	at SimpleTomcat.catalina.HttpProcessor.execute(HttpProcessor.java:44)
	at SimpleTomcat.catalina.Connector$1.run(Connector.java:66)
	at java.util.concurrent.ThreadPoolExecutor.runWorker(ThreadPoolExecutor.java:1149)
	at java.util.concurrent.ThreadPoolExecutor$Worker.run(ThreadPoolExecutor.java:624)
	at java.lang.Thread.run(Thread.java:748)
10 30, 2020 17:35:54 PM SimpleTomcat.catalina.HttpProcessor error
ERROR: Instance class [cn.how2j.SimpleTomcat.webappservlet.HelloServlet] error!
cn.hutool.core.exceptions.UtilException: Instance class [cn.how2j.SimpleTomcat.webappservlet.HelloServlet] error!
	at cn.hutool.core.util.ReflectUtil.newInstance(ReflectUtil.java:594)
	at SimpleTomcat.catalina.HttpProcessor.execute(HttpProcessor.java:40)
	at SimpleTomcat.catalina.Connector$1.run(Connector.java:66)
	at java.util.concurrent.ThreadPoolExecutor.runWorker(ThreadPoolExecutor.java:1149)
	at java.util.concurrent.ThreadPoolExecutor$Worker.run(ThreadPoolExecutor.java:624)
	at java.lang.Thread.run(Thread.java:748)
Caused by: java.lang.ClassNotFoundException: cn.how2j.SimpleTomcat.webappservlet.HelloServlet
	at java.net.URLClassLoader.findClass(URLClassLoader.java:381)
	at java.lang.ClassLoader.loadClass(ClassLoader.java:424)
	at sun.misc.Launcher$AppClassLoader.loadClass(Launcher.java:349)
	at java.lang.ClassLoader.loadClass(ClassLoader.java:357)
	at java.lang.Class.forName0(Native Method)
	at java.lang.Class.forName(Class.java:264)
	at cn.hutool.core.util.ReflectUtil.newInstance(ReflectUtil.java:592)
	... 5 more
10 30, 2020 17:37:11 PM SimpleTomcat.catalina.Context deploy
INFO : Deploying web application directory /Users/zifwang/Desktop/SimpleTomcat/webapps/j2ee
10 30, 2020 17:37:11 PM SimpleTomcat.catalina.Context deploy
INFO : Deployment of web application directory /Users/zifwang/Desktop/SimpleTomcat/webapps/j2ee succeed in 331 ms
10 30, 2020 17:37:11 PM SimpleTomcat.catalina.Context deploy
INFO : Deploying web application directory /Users/zifwang/Desktop/SimpleTomcat/webapps/a
10 30, 2020 17:37:11 PM SimpleTomcat.catalina.Context init
INFO : Web application directory /Users/zifwang/Desktop/SimpleTomcat/webapps/a doesn't contains web.xml file
10 30, 2020 17:37:11 PM SimpleTomcat.catalina.Context deploy
INFO : Deployment of web application directory /Users/zifwang/Desktop/SimpleTomcat/webapps/a succeed in 1 ms
10 30, 2020 17:37:11 PM SimpleTomcat.catalina.Context deploy
INFO : Deploying web application directory /Users/zifwang/Desktop/SimpleTomcat/webapps/ROOT
10 30, 2020 17:37:11 PM SimpleTomcat.catalina.Context init
INFO : Web application directory /Users/zifwang/Desktop/SimpleTomcat/webapps/ROOT doesn't contains web.xml file
10 30, 2020 17:37:11 PM SimpleTomcat.catalina.Context deploy
INFO : Deployment of web application directory /Users/zifwang/Desktop/SimpleTomcat/webapps/ROOT succeed in 2 ms
10 30, 2020 17:37:11 PM SimpleTomcat.catalina.Context deploy
INFO : Deploying web application directory /Users/zifwang/Desktop/SimpleTomcat/b
10 30, 2020 17:37:11 PM SimpleTomcat.catalina.Context init
INFO : Web application directory /Users/zifwang/Desktop/SimpleTomcat/b doesn't contains web.xml file
10 30, 2020 17:37:11 PM SimpleTomcat.catalina.Context deploy
INFO : Deployment of web application directory /Users/zifwang/Desktop/SimpleTomcat/b succeed in 4 ms
10 30, 2020 17:37:11 PM SimpleTomcat.catalina.Server logJVM
INFO : Server versions:		SimpleTomcat/1.0.1
10 30, 2020 17:37:11 PM SimpleTomcat.catalina.Server logJVM
INFO : Server built:		2020-10-30
10 30, 2020 17:37:11 PM SimpleTomcat.catalina.Server logJVM
INFO : Server number:		1.0.1
10 30, 2020 17:37:11 PM SimpleTomcat.catalina.Server logJVM
INFO : OS Name	:		Mac OS X
10 30, 2020 17:37:11 PM SimpleTomcat.catalina.Server logJVM
INFO : OS Version:		10.15.6
10 30, 2020 17:37:11 PM SimpleTomcat.catalina.Server logJVM
INFO : Architecture:		x86_64
10 30, 2020 17:37:11 PM SimpleTomcat.catalina.Server logJVM
INFO : Java Home:		/Library/Java/JavaVirtualMachines/jdk1.8.0_171.jdk/Contents/Home/jre
10 30, 2020 17:37:11 PM SimpleTomcat.catalina.Server logJVM
INFO : JVM Version:		1.8.0_171-b11
10 30, 2020 17:37:11 PM SimpleTomcat.catalina.Server logJVM
INFO : JVM Vendor:		Oracle Corporation
10 30, 2020 17:37:11 PM SimpleTomcat.catalina.Connector init
INFO : Initializing ProtocolHandler [http-bio-8080]
10 30, 2020 17:37:11 PM SimpleTomcat.catalina.Connector init
INFO : Initializing ProtocolHandler [http-bio-8081]
10 30, 2020 17:37:11 PM SimpleTomcat.catalina.Connector init
INFO : Initializing ProtocolHandler [http-bio-8082]
10 30, 2020 17:37:11 PM SimpleTomcat.catalina.Service init
INFO : Initialization processed in 1 ms
10 30, 2020 17:37:11 PM SimpleTomcat.catalina.Connector start
INFO : Starting ProtocolHandler [http-bio-8080]
10 30, 2020 17:37:11 PM SimpleTomcat.catalina.Connector start
INFO : Starting ProtocolHandler [http-bio-8081]
10 30, 2020 17:37:11 PM SimpleTomcat.catalina.Connector start
INFO : Starting ProtocolHandler [http-bio-8082]
10 30, 2020 17:37:11 PM SimpleTomcat.catalina.Server start
INFO : Server startup in 16 ms
10 30, 2020 17:37:18 PM SimpleTomcat.catalina.Context deploy
INFO : Deploying web application directory /Users/zifwang/Desktop/SimpleTomcat/webapps/j2ee
10 30, 2020 17:37:18 PM SimpleTomcat.catalina.Context deploy
INFO : Deployment of web application directory /Users/zifwang/Desktop/SimpleTomcat/webapps/j2ee succeed in 345 ms
10 30, 2020 17:37:18 PM SimpleTomcat.catalina.Context deploy
INFO : Deploying web application directory /Users/zifwang/Desktop/SimpleTomcat/webapps/a
10 30, 2020 17:37:18 PM SimpleTomcat.catalina.Context init
INFO : Web application directory /Users/zifwang/Desktop/SimpleTomcat/webapps/a doesn't contains web.xml file
10 30, 2020 17:37:18 PM SimpleTomcat.catalina.Context deploy
INFO : Deployment of web application directory /Users/zifwang/Desktop/SimpleTomcat/webapps/a succeed in 2 ms
10 30, 2020 17:37:18 PM SimpleTomcat.catalina.Context deploy
INFO : Deploying web application directory /Users/zifwang/Desktop/SimpleTomcat/webapps/ROOT
10 30, 2020 17:37:18 PM SimpleTomcat.catalina.Context init
INFO : Web application directory /Users/zifwang/Desktop/SimpleTomcat/webapps/ROOT doesn't contains web.xml file
10 30, 2020 17:37:18 PM SimpleTomcat.catalina.Context deploy
INFO : Deployment of web application directory /Users/zifwang/Desktop/SimpleTomcat/webapps/ROOT succeed in 2 ms
10 30, 2020 17:37:18 PM SimpleTomcat.catalina.Context deploy
INFO : Deploying web application directory /Users/zifwang/Desktop/SimpleTomcat/b
10 30, 2020 17:37:18 PM SimpleTomcat.catalina.Context init
INFO : Web application directory /Users/zifwang/Desktop/SimpleTomcat/b doesn't contains web.xml file
10 30, 2020 17:37:18 PM SimpleTomcat.catalina.Context deploy
INFO : Deployment of web application directory /Users/zifwang/Desktop/SimpleTomcat/b succeed in 3 ms
10 30, 2020 17:37:18 PM SimpleTomcat.catalina.Server logJVM
INFO : Server versions:		SimpleTomcat/1.0.1
10 30, 2020 17:37:18 PM SimpleTomcat.catalina.Server logJVM
INFO : Server built:		2020-10-30
10 30, 2020 17:37:18 PM SimpleTomcat.catalina.Server logJVM
INFO : Server number:		1.0.1
10 30, 2020 17:37:18 PM SimpleTomcat.catalina.Server logJVM
INFO : OS Name	:		Mac OS X
10 30, 2020 17:37:18 PM SimpleTomcat.catalina.Server logJVM
INFO : OS Version:		10.15.6
10 30, 2020 17:37:18 PM SimpleTomcat.catalina.Server logJVM
INFO : Architecture:		x86_64
10 30, 2020 17:37:18 PM SimpleTomcat.catalina.Server logJVM
INFO : Java Home:		/Library/Java/JavaVirtualMachines/jdk1.8.0_171.jdk/Contents/Home/jre
10 30, 2020 17:37:18 PM SimpleTomcat.catalina.Server logJVM
INFO : JVM Version:		1.8.0_171-b11
10 30, 2020 17:37:18 PM SimpleTomcat.catalina.Server logJVM
INFO : JVM Vendor:		Oracle Corporation
10 30, 2020 17:37:18 PM SimpleTomcat.catalina.Connector init
INFO : Initializing ProtocolHandler [http-bio-8080]
10 30, 2020 17:37:18 PM SimpleTomcat.catalina.Connector init
INFO : Initializing ProtocolHandler [http-bio-8081]
10 30, 2020 17:37:18 PM SimpleTomcat.catalina.Connector init
INFO : Initializing ProtocolHandler [http-bio-8082]
10 30, 2020 17:37:18 PM SimpleTomcat.catalina.Service init
INFO : Initialization processed in 5 ms
10 30, 2020 17:37:18 PM SimpleTomcat.catalina.Connector start
INFO : Starting ProtocolHandler [http-bio-8080]
10 30, 2020 17:37:18 PM SimpleTomcat.catalina.Connector start
INFO : Starting ProtocolHandler [http-bio-8081]
10 30, 2020 17:37:18 PM SimpleTomcat.catalina.Connector start
INFO : Starting ProtocolHandler [http-bio-8082]
10 30, 2020 17:37:18 PM SimpleTomcat.catalina.Server start
INFO : Server startup in 28 ms
10 30, 2020 17:37:30 PM SimpleTomcat.catalina.HttpProcessor error
ERROR: this is a deliberately created exception
java.lang.Exception: this is a deliberately created exception
	at SimpleTomcat.catalina.HttpProcessor.execute(HttpProcessor.java:44)
	at SimpleTomcat.catalina.Connector$1.run(Connector.java:66)
	at java.util.concurrent.ThreadPoolExecutor.runWorker(ThreadPoolExecutor.java:1149)
	at java.util.concurrent.ThreadPoolExecutor$Worker.run(ThreadPoolExecutor.java:624)
	at java.lang.Thread.run(Thread.java:748)
10 30, 2020 17:38:40 PM SimpleTomcat.catalina.Context deploy
INFO : Deploying web application directory /Users/zifwang/Desktop/SimpleTomcat/webapps/j2ee
10 30, 2020 17:38:40 PM SimpleTomcat.catalina.Context deploy
INFO : Deployment of web application directory /Users/zifwang/Desktop/SimpleTomcat/webapps/j2ee failed in 169 ms
10 30, 2020 17:38:40 PM SimpleTomcat.catalina.Context deploy
INFO : Deploying web application directory /Users/zifwang/Desktop/SimpleTomcat/webapps/a
10 30, 2020 17:38:40 PM SimpleTomcat.catalina.Context init
INFO : Web application directory /Users/zifwang/Desktop/SimpleTomcat/webapps/a doesn't contains web.xml file
10 30, 2020 17:38:40 PM SimpleTomcat.catalina.Context deploy
INFO : Deployment of web application directory /Users/zifwang/Desktop/SimpleTomcat/webapps/a succeed in 1 ms
10 30, 2020 17:38:40 PM SimpleTomcat.catalina.Context deploy
INFO : Deploying web application directory /Users/zifwang/Desktop/SimpleTomcat/webapps/ROOT
10 30, 2020 17:38:40 PM SimpleTomcat.catalina.Context init
INFO : Web application directory /Users/zifwang/Desktop/SimpleTomcat/webapps/ROOT doesn't contains web.xml file
10 30, 2020 17:38:40 PM SimpleTomcat.catalina.Context deploy
INFO : Deployment of web application directory /Users/zifwang/Desktop/SimpleTomcat/webapps/ROOT succeed in 1 ms
10 30, 2020 17:38:40 PM SimpleTomcat.catalina.Context deploy
INFO : Deploying web application directory /Users/zifwang/Desktop/SimpleTomcat/b
10 30, 2020 17:38:40 PM SimpleTomcat.catalina.Context init
INFO : Web application directory /Users/zifwang/Desktop/SimpleTomcat/b doesn't contains web.xml file
10 30, 2020 17:38:40 PM SimpleTomcat.catalina.Context deploy
INFO : Deployment of web application directory /Users/zifwang/Desktop/SimpleTomcat/b succeed in 1 ms
10 30, 2020 17:38:40 PM SimpleTomcat.catalina.Server logJVM
INFO : Server versions:		SimpleTomcat/1.0.1
10 30, 2020 17:38:40 PM SimpleTomcat.catalina.Server logJVM
INFO : Server built:		2020-10-30
10 30, 2020 17:38:40 PM SimpleTomcat.catalina.Server logJVM
INFO : Server number:		1.0.1
10 30, 2020 17:38:40 PM SimpleTomcat.catalina.Server logJVM
INFO : OS Name	:		Mac OS X
10 30, 2020 17:38:40 PM SimpleTomcat.catalina.Server logJVM
INFO : OS Version:		10.15.6
10 30, 2020 17:38:40 PM SimpleTomcat.catalina.Server logJVM
INFO : Architecture:		x86_64
10 30, 2020 17:38:40 PM SimpleTomcat.catalina.Server logJVM
INFO : Java Home:		/Library/Java/JavaVirtualMachines/jdk1.8.0_171.jdk/Contents/Home/jre
10 30, 2020 17:38:40 PM SimpleTomcat.catalina.Server logJVM
INFO : JVM Version:		1.8.0_171-b11
10 30, 2020 17:38:40 PM SimpleTomcat.catalina.Server logJVM
INFO : JVM Vendor:		Oracle Corporation
10 30, 2020 17:38:40 PM SimpleTomcat.catalina.Connector init
INFO : Initializing ProtocolHandler [http-bio-8080]
10 30, 2020 17:38:40 PM SimpleTomcat.catalina.Connector init
INFO : Initializing ProtocolHandler [http-bio-8081]
10 30, 2020 17:38:40 PM SimpleTomcat.catalina.Connector init
INFO : Initializing ProtocolHandler [http-bio-8082]
10 30, 2020 17:38:40 PM SimpleTomcat.catalina.Service init
INFO : Initialization processed in 1 ms
10 30, 2020 17:38:40 PM SimpleTomcat.catalina.Connector start
INFO : Starting ProtocolHandler [http-bio-8080]
10 30, 2020 17:38:40 PM SimpleTomcat.catalina.Connector start
INFO : Starting ProtocolHandler [http-bio-8081]
10 30, 2020 17:38:40 PM SimpleTomcat.catalina.Connector start
INFO : Starting ProtocolHandler [http-bio-8082]
10 30, 2020 17:38:40 PM SimpleTomcat.catalina.Server start
INFO : Server startup in 14 ms
10 30, 2020 17:39:05 PM SimpleTomcat.catalina.HttpProcessor error
ERROR: this is a deliberately created exception
java.lang.Exception: this is a deliberately created exception
	at SimpleTomcat.catalina.HttpProcessor.execute(HttpProcessor.java:44)
	at SimpleTomcat.catalina.Connector$1.run(Connector.java:66)
	at java.util.concurrent.ThreadPoolExecutor.runWorker(ThreadPoolExecutor.java:1149)
	at java.util.concurrent.ThreadPoolExecutor$Worker.run(ThreadPoolExecutor.java:624)
	at java.lang.Thread.run(Thread.java:748)
