11 16, 2020 16:15:11 PM SimpleTomcat.catalina.Context deploy
INFO : Deploying web application directory /Users/zifwang/Desktop/SimpleTomcat/webapps/j2ee
11 16, 2020 16:15:11 PM SimpleTomcat.catalina.Context deploy
INFO : Deployment of web application directory /Users/zifwang/Desktop/SimpleTomcat/webapps/j2ee succeed in 433 ms
11 16, 2020 16:15:11 PM SimpleTomcat.catalina.Context deploy
INFO : Deploying web application directory /Users/zifwang/Desktop/SimpleTomcat/webapps/a
11 16, 2020 16:15:11 PM SimpleTomcat.catalina.Context init
INFO : Web application directory /Users/zifwang/Desktop/SimpleTomcat/webapps/a doesn't contains web.xml file
11 16, 2020 16:15:11 PM SimpleTomcat.catalina.Context deploy
INFO : Deployment of web application directory /Users/zifwang/Desktop/SimpleTomcat/webapps/a succeed in 1 ms
11 16, 2020 16:15:11 PM SimpleTomcat.catalina.Context deploy
INFO : Deploying web application directory /Users/zifwang/Desktop/SimpleTomcat/webapps/ROOT
11 16, 2020 16:15:11 PM SimpleTomcat.catalina.Context init
INFO : Web application directory /Users/zifwang/Desktop/SimpleTomcat/webapps/ROOT doesn't contains web.xml file
11 16, 2020 16:15:11 PM SimpleTomcat.catalina.Context deploy
INFO : Deployment of web application directory /Users/zifwang/Desktop/SimpleTomcat/webapps/ROOT succeed in 1 ms
11 16, 2020 16:15:11 PM SimpleTomcat.catalina.Context deploy
INFO : Deploying web application directory /Users/zifwang/Desktop/SimpleTomcat/b
11 16, 2020 16:15:11 PM SimpleTomcat.catalina.Context init
INFO : Web application directory /Users/zifwang/Desktop/SimpleTomcat/b doesn't contains web.xml file
11 16, 2020 16:15:11 PM SimpleTomcat.catalina.Context deploy
INFO : Deployment of web application directory /Users/zifwang/Desktop/SimpleTomcat/b succeed in 1 ms
11 16, 2020 16:15:12 PM SimpleTomcat.catalina.Server logJVM
INFO : Server versions:		SimpleTomcat/1.0.1
11 16, 2020 16:15:12 PM SimpleTomcat.catalina.Server logJVM
INFO : Server built:		2020-11-16
11 16, 2020 16:15:12 PM SimpleTomcat.catalina.Server logJVM
INFO : Server number:		1.0.1
11 16, 2020 16:15:12 PM SimpleTomcat.catalina.Server logJVM
INFO : OS Name	:		Mac OS X
11 16, 2020 16:15:12 PM SimpleTomcat.catalina.Server logJVM
INFO : OS Version:		10.15.6
11 16, 2020 16:15:12 PM SimpleTomcat.catalina.Server logJVM
INFO : Architecture:		x86_64
11 16, 2020 16:15:12 PM SimpleTomcat.catalina.Server logJVM
INFO : Java Home:		/Library/Java/JavaVirtualMachines/jdk1.8.0_171.jdk/Contents/Home/jre
11 16, 2020 16:15:12 PM SimpleTomcat.catalina.Server logJVM
INFO : JVM Version:		1.8.0_171-b11
11 16, 2020 16:15:12 PM SimpleTomcat.catalina.Server logJVM
INFO : JVM Vendor:		Oracle Corporation
11 16, 2020 16:15:12 PM SimpleTomcat.catalina.Connector init
INFO : Initializing ProtocolHandler [http-bio-8080]
11 16, 2020 16:15:12 PM SimpleTomcat.catalina.Connector init
INFO : Initializing ProtocolHandler [http-bio-8081]
11 16, 2020 16:15:12 PM SimpleTomcat.catalina.Connector init
INFO : Initializing ProtocolHandler [http-bio-8082]
11 16, 2020 16:15:12 PM SimpleTomcat.catalina.Service init
INFO : Initialization processed in 1 ms
11 16, 2020 16:15:12 PM SimpleTomcat.catalina.Connector start
INFO : Starting ProtocolHandler [http-bio-8080]
11 16, 2020 16:15:12 PM SimpleTomcat.catalina.Connector start
INFO : Starting ProtocolHandler [http-bio-8081]
11 16, 2020 16:15:12 PM SimpleTomcat.catalina.Connector start
INFO : Starting ProtocolHandler [http-bio-8082]
11 16, 2020 16:15:12 PM SimpleTomcat.catalina.Server start
INFO : Server startup in 18 ms
11 16, 2020 16:15:33 PM SimpleTomcat.catalina.HttpProcessor error
ERROR: this is a deliberately created exception
java.lang.RuntimeException: this is a deliberately created exception
	at SimpleTomcat.servlet.DefaultServlet.service(DefaultServlet.java:43)
	at SimpleTomcat.catalina.HttpProcessor.execute(HttpProcessor.java:35)
	at SimpleTomcat.catalina.Connector$1.run(Connector.java:66)
	at java.util.concurrent.ThreadPoolExecutor.runWorker(ThreadPoolExecutor.java:1149)
	at java.util.concurrent.ThreadPoolExecutor$Worker.run(ThreadPoolExecutor.java:624)
	at java.lang.Thread.run(Thread.java:748)
