09 27, 2020 09:22:01 AM SimpleTomcat.Bootstrap logJVM
INFO : Server versions:		SimpleTomcat/1.0.1
09 27, 2020 09:22:01 AM SimpleTomcat.Bootstrap logJVM
INFO : Server built:		2020-09-27
09 27, 2020 09:22:01 AM SimpleTomcat.Bootstrap logJVM
INFO : Server number:		1.0.1
09 27, 2020 09:22:01 AM SimpleTomcat.Bootstrap logJVM
INFO : OS Name	:		Mac OS X
09 27, 2020 09:22:01 AM SimpleTomcat.Bootstrap logJVM
INFO : OS Version:		10.15.6
09 27, 2020 09:22:01 AM SimpleTomcat.Bootstrap logJVM
INFO : Architecture:		x86_64
09 27, 2020 09:22:01 AM SimpleTomcat.Bootstrap logJVM
INFO : Java Home:		/Library/Java/JavaVirtualMachines/jdk1.8.0_171.jdk/Contents/Home/jre
09 27, 2020 09:22:01 AM SimpleTomcat.Bootstrap logJVM
INFO : JVM Version:		1.8.0_171-b11
09 27, 2020 09:22:01 AM SimpleTomcat.Bootstrap logJVM
INFO : JVM Vendor:		Oracle Corporation
09 27, 2020 10:08:19 AM SimpleTomcat.Bootstrap logJVM
INFO : Server versions:		SimpleTomcat/1.0.1
09 27, 2020 10:08:19 AM SimpleTomcat.Bootstrap logJVM
INFO : Server built:		2020-09-27
09 27, 2020 10:08:19 AM SimpleTomcat.Bootstrap logJVM
INFO : Server number:		1.0.1
09 27, 2020 10:08:19 AM SimpleTomcat.Bootstrap logJVM
INFO : OS Name	:		Mac OS X
09 27, 2020 10:08:19 AM SimpleTomcat.Bootstrap logJVM
INFO : OS Version:		10.15.6
09 27, 2020 10:08:19 AM SimpleTomcat.Bootstrap logJVM
INFO : Architecture:		x86_64
09 27, 2020 10:08:19 AM SimpleTomcat.Bootstrap logJVM
INFO : Java Home:		/Library/Java/JavaVirtualMachines/jdk1.8.0_171.jdk/Contents/Home/jre
09 27, 2020 10:08:19 AM SimpleTomcat.Bootstrap logJVM
INFO : JVM Version:		1.8.0_171-b11
09 27, 2020 10:08:19 AM SimpleTomcat.Bootstrap logJVM
INFO : JVM Vendor:		Oracle Corporation
09 27, 2020 11:00:21 AM SimpleTomcat.Bootstrap logJVM
INFO : Server versions:		SimpleTomcat/1.0.1
09 27, 2020 11:00:21 AM SimpleTomcat.Bootstrap logJVM
INFO : Server built:		2020-09-27
09 27, 2020 11:00:21 AM SimpleTomcat.Bootstrap logJVM
INFO : Server number:		1.0.1
09 27, 2020 11:00:21 AM SimpleTomcat.Bootstrap logJVM
INFO : OS Name	:		Mac OS X
09 27, 2020 11:00:21 AM SimpleTomcat.Bootstrap logJVM
INFO : OS Version:		10.15.6
09 27, 2020 11:00:21 AM SimpleTomcat.Bootstrap logJVM
INFO : Architecture:		x86_64
09 27, 2020 11:00:21 AM SimpleTomcat.Bootstrap logJVM
INFO : Java Home:		/Library/Java/JavaVirtualMachines/jdk1.8.0_171.jdk/Contents/Home/jre
09 27, 2020 11:00:21 AM SimpleTomcat.Bootstrap logJVM
INFO : JVM Version:		1.8.0_171-b11
09 27, 2020 11:00:21 AM SimpleTomcat.Bootstrap logJVM
INFO : JVM Vendor:		Oracle Corporation
09 27, 2020 17:23:48 PM SimpleTomcat.Bootstrap logJVM
INFO : Server versions:		SimpleTomcat/1.0.1
09 27, 2020 17:23:48 PM SimpleTomcat.Bootstrap logJVM
INFO : Server built:		2020-09-27
09 27, 2020 17:23:48 PM SimpleTomcat.Bootstrap logJVM
INFO : Server number:		1.0.1
09 27, 2020 17:23:48 PM SimpleTomcat.Bootstrap logJVM
INFO : OS Name	:		Mac OS X
09 27, 2020 17:23:48 PM SimpleTomcat.Bootstrap logJVM
INFO : OS Version:		10.15.6
09 27, 2020 17:23:48 PM SimpleTomcat.Bootstrap logJVM
INFO : Architecture:		x86_64
09 27, 2020 17:23:48 PM SimpleTomcat.Bootstrap logJVM
INFO : Java Home:		/Library/Java/JavaVirtualMachines/jdk1.8.0_171.jdk/Contents/Home/jre
09 27, 2020 17:23:48 PM SimpleTomcat.Bootstrap logJVM
INFO : JVM Version:		1.8.0_171-b11
09 27, 2020 17:23:48 PM SimpleTomcat.Bootstrap logJVM
INFO : JVM Vendor:		Oracle Corporation
09 27, 2020 17:23:48 PM SimpleTomcat.catalina.Context <init>
INFO : Deploying web application directory /Users/zifwang/Desktop/SimpleTomcat/webapps/a
09 27, 2020 17:23:48 PM SimpleTomcat.catalina.Context <init>
INFO : Deployment of web application directory /Users/zifwang/Desktop/SimpleTomcat/webapps/a has finished in 1 ms
09 27, 2020 17:23:48 PM SimpleTomcat.catalina.Context <init>
INFO : Deploying web application directory /Users/zifwang/Desktop/SimpleTomcat/webapps/ROOT
09 27, 2020 17:23:48 PM SimpleTomcat.catalina.Context <init>
INFO : Deployment of web application directory /Users/zifwang/Desktop/SimpleTomcat/webapps/ROOT has finished in 5 ms
