10 15, 2020 15:05:40 PM SimpleTomcat.Bootstrap logJVM
INFO : Server versions:		SimpleTomcat/1.0.1
10 15, 2020 15:05:40 PM SimpleTomcat.Bootstrap logJVM
INFO : Server built:		2020-10-15
10 15, 2020 15:05:40 PM SimpleTomcat.Bootstrap logJVM
INFO : Server number:		1.0.1
10 15, 2020 15:05:40 PM SimpleTomcat.Bootstrap logJVM
INFO : OS Name	:		Mac OS X
10 15, 2020 15:05:40 PM SimpleTomcat.Bootstrap logJVM
INFO : OS Version:		10.15.6
10 15, 2020 15:05:40 PM SimpleTomcat.Bootstrap logJVM
INFO : Architecture:		x86_64
10 15, 2020 15:05:40 PM SimpleTomcat.Bootstrap logJVM
INFO : Java Home:		/Library/Java/JavaVirtualMachines/jdk1.8.0_171.jdk/Contents/Home/jre
10 15, 2020 15:05:40 PM SimpleTomcat.Bootstrap logJVM
INFO : JVM Version:		1.8.0_171-b11
10 15, 2020 15:05:40 PM SimpleTomcat.Bootstrap logJVM
INFO : JVM Vendor:		Oracle Corporation
10 15, 2020 15:05:41 PM SimpleTomcat.catalina.Context <init>
INFO : Deploying web application directory /Users/zifwang/Desktop/SimpleTomcat/webapps/a
10 15, 2020 15:05:41 PM SimpleTomcat.catalina.Context <init>
INFO : Deployment of web application directory /Users/zifwang/Desktop/SimpleTomcat/webapps/a has finished in 0 ms
10 15, 2020 15:05:41 PM SimpleTomcat.catalina.Context <init>
INFO : Deploying web application directory /Users/zifwang/Desktop/SimpleTomcat/webapps/ROOT
10 15, 2020 15:05:41 PM SimpleTomcat.catalina.Context <init>
INFO : Deployment of web application directory /Users/zifwang/Desktop/SimpleTomcat/webapps/ROOT has finished in 1 ms
10 15, 2020 15:05:41 PM SimpleTomcat.catalina.Context <init>
INFO : Deploying web application directory /Users/zifwang/Desktop/SimpleTomcat/b
10 15, 2020 15:05:41 PM SimpleTomcat.catalina.Context <init>
INFO : Deployment of web application directory /Users/zifwang/Desktop/SimpleTomcat/b has finished in 1 ms
