11 03, 2020 14:07:44 PM SimpleTomcat.catalina.Context deploy
INFO : Deploying web application directory /Users/zifwang/Desktop/SimpleTomcat/webapps/j2ee
11 03, 2020 14:07:44 PM SimpleTomcat.catalina.Context deploy
INFO : Deployment of web application directory /Users/zifwang/Desktop/SimpleTomcat/webapps/j2ee succeed in 405 ms
11 03, 2020 14:07:44 PM SimpleTomcat.catalina.Context deploy
INFO : Deploying web application directory /Users/zifwang/Desktop/SimpleTomcat/webapps/a
11 03, 2020 14:07:44 PM SimpleTomcat.catalina.Context init
INFO : Web application directory /Users/zifwang/Desktop/SimpleTomcat/webapps/a doesn't contains web.xml file
11 03, 2020 14:07:44 PM SimpleTomcat.catalina.Context deploy
INFO : Deployment of web application directory /Users/zifwang/Desktop/SimpleTomcat/webapps/a succeed in 1 ms
11 03, 2020 14:07:44 PM SimpleTomcat.catalina.Context deploy
INFO : Deploying web application directory /Users/zifwang/Desktop/SimpleTomcat/webapps/ROOT
11 03, 2020 14:07:44 PM SimpleTomcat.catalina.Context init
INFO : Web application directory /Users/zifwang/Desktop/SimpleTomcat/webapps/ROOT doesn't contains web.xml file
11 03, 2020 14:07:44 PM SimpleTomcat.catalina.Context deploy
INFO : Deployment of web application directory /Users/zifwang/Desktop/SimpleTomcat/webapps/ROOT succeed in 1 ms
11 03, 2020 14:07:44 PM SimpleTomcat.catalina.Context deploy
INFO : Deploying web application directory /Users/zifwang/Desktop/SimpleTomcat/b
11 03, 2020 14:07:44 PM SimpleTomcat.catalina.Context init
INFO : Web application directory /Users/zifwang/Desktop/SimpleTomcat/b doesn't contains web.xml file
11 03, 2020 14:07:44 PM SimpleTomcat.catalina.Context deploy
INFO : Deployment of web application directory /Users/zifwang/Desktop/SimpleTomcat/b succeed in 1 ms
11 03, 2020 14:07:44 PM SimpleTomcat.catalina.Server logJVM
INFO : Server versions:		SimpleTomcat/1.0.1
11 03, 2020 14:07:44 PM SimpleTomcat.catalina.Server logJVM
INFO : Server built:		2020-11-03
11 03, 2020 14:07:44 PM SimpleTomcat.catalina.Server logJVM
INFO : Server number:		1.0.1
11 03, 2020 14:07:44 PM SimpleTomcat.catalina.Server logJVM
INFO : OS Name	:		Mac OS X
11 03, 2020 14:07:44 PM SimpleTomcat.catalina.Server logJVM
INFO : OS Version:		10.15.6
11 03, 2020 14:07:44 PM SimpleTomcat.catalina.Server logJVM
INFO : Architecture:		x86_64
11 03, 2020 14:07:44 PM SimpleTomcat.catalina.Server logJVM
INFO : Java Home:		/Library/Java/JavaVirtualMachines/jdk1.8.0_171.jdk/Contents/Home/jre
11 03, 2020 14:07:44 PM SimpleTomcat.catalina.Server logJVM
INFO : JVM Version:		1.8.0_171-b11
11 03, 2020 14:07:44 PM SimpleTomcat.catalina.Server logJVM
INFO : JVM Vendor:		Oracle Corporation
11 03, 2020 14:07:44 PM SimpleTomcat.catalina.Connector init
INFO : Initializing ProtocolHandler [http-bio-8080]
11 03, 2020 14:07:44 PM SimpleTomcat.catalina.Connector init
INFO : Initializing ProtocolHandler [http-bio-8081]
11 03, 2020 14:07:44 PM SimpleTomcat.catalina.Connector init
INFO : Initializing ProtocolHandler [http-bio-8082]
11 03, 2020 14:07:44 PM SimpleTomcat.catalina.Service init
INFO : Initialization processed in 9 ms
11 03, 2020 14:07:44 PM SimpleTomcat.catalina.Connector start
INFO : Starting ProtocolHandler [http-bio-8080]
11 03, 2020 14:07:44 PM SimpleTomcat.catalina.Connector start
INFO : Starting ProtocolHandler [http-bio-8081]
11 03, 2020 14:07:44 PM SimpleTomcat.catalina.Connector start
INFO : Starting ProtocolHandler [http-bio-8082]
11 03, 2020 14:07:44 PM SimpleTomcat.catalina.Server start
INFO : Server startup in 28 ms
11 03, 2020 14:07:57 PM SimpleTomcat.catalina.HttpProcessor error
ERROR: this is a deliberately created exception
java.lang.Exception: this is a deliberately created exception
	at SimpleTomcat.catalina.HttpProcessor.execute(HttpProcessor.java:44)
	at SimpleTomcat.catalina.Connector$1.run(Connector.java:66)
	at java.util.concurrent.ThreadPoolExecutor.runWorker(ThreadPoolExecutor.java:1149)
	at java.util.concurrent.ThreadPoolExecutor$Worker.run(ThreadPoolExecutor.java:624)
	at java.lang.Thread.run(Thread.java:748)
11 03, 2020 17:24:40 PM SimpleTomcat.catalina.Context deploy
INFO : Deploying web application directory /Users/zifwang/Desktop/SimpleTomcat/webapps/j2ee
11 03, 2020 17:24:40 PM SimpleTomcat.catalina.Context deploy
INFO : Deployment of web application directory /Users/zifwang/Desktop/SimpleTomcat/webapps/j2ee succeed in 401 ms
11 03, 2020 17:24:40 PM SimpleTomcat.catalina.Context deploy
INFO : Deploying web application directory /Users/zifwang/Desktop/SimpleTomcat/webapps/a
11 03, 2020 17:24:40 PM SimpleTomcat.catalina.Context init
INFO : Web application directory /Users/zifwang/Desktop/SimpleTomcat/webapps/a doesn't contains web.xml file
11 03, 2020 17:24:40 PM SimpleTomcat.catalina.Context deploy
INFO : Deployment of web application directory /Users/zifwang/Desktop/SimpleTomcat/webapps/a succeed in 6 ms
11 03, 2020 17:24:40 PM SimpleTomcat.catalina.Context deploy
INFO : Deploying web application directory /Users/zifwang/Desktop/SimpleTomcat/webapps/ROOT
11 03, 2020 17:24:40 PM SimpleTomcat.catalina.Context init
INFO : Web application directory /Users/zifwang/Desktop/SimpleTomcat/webapps/ROOT doesn't contains web.xml file
11 03, 2020 17:24:40 PM SimpleTomcat.catalina.Context deploy
INFO : Deployment of web application directory /Users/zifwang/Desktop/SimpleTomcat/webapps/ROOT succeed in 3 ms
11 03, 2020 17:24:40 PM SimpleTomcat.catalina.Context deploy
INFO : Deploying web application directory /Users/zifwang/Desktop/SimpleTomcat/b
11 03, 2020 17:24:40 PM SimpleTomcat.catalina.Context init
INFO : Web application directory /Users/zifwang/Desktop/SimpleTomcat/b doesn't contains web.xml file
11 03, 2020 17:24:40 PM SimpleTomcat.catalina.Context deploy
INFO : Deployment of web application directory /Users/zifwang/Desktop/SimpleTomcat/b succeed in 3 ms
11 03, 2020 17:24:40 PM SimpleTomcat.catalina.Server logJVM
INFO : Server versions:		SimpleTomcat/1.0.1
11 03, 2020 17:24:40 PM SimpleTomcat.catalina.Server logJVM
INFO : Server built:		2020-11-03
11 03, 2020 17:24:40 PM SimpleTomcat.catalina.Server logJVM
INFO : Server number:		1.0.1
11 03, 2020 17:24:40 PM SimpleTomcat.catalina.Server logJVM
INFO : OS Name	:		Mac OS X
11 03, 2020 17:24:40 PM SimpleTomcat.catalina.Server logJVM
INFO : OS Version:		10.15.6
11 03, 2020 17:24:40 PM SimpleTomcat.catalina.Server logJVM
INFO : Architecture:		x86_64
11 03, 2020 17:24:40 PM SimpleTomcat.catalina.Server logJVM
INFO : Java Home:		/Library/Java/JavaVirtualMachines/jdk1.8.0_171.jdk/Contents/Home/jre
11 03, 2020 17:24:40 PM SimpleTomcat.catalina.Server logJVM
INFO : JVM Version:		1.8.0_171-b11
11 03, 2020 17:24:40 PM SimpleTomcat.catalina.Server logJVM
INFO : JVM Vendor:		Oracle Corporation
11 03, 2020 17:24:40 PM SimpleTomcat.catalina.Connector init
INFO : Initializing ProtocolHandler [http-bio-8080]
11 03, 2020 17:24:40 PM SimpleTomcat.catalina.Connector init
INFO : Initializing ProtocolHandler [http-bio-8081]
11 03, 2020 17:24:40 PM SimpleTomcat.catalina.Connector init
INFO : Initializing ProtocolHandler [http-bio-8082]
11 03, 2020 17:24:40 PM SimpleTomcat.catalina.Service init
INFO : Initialization processed in 3 ms
11 03, 2020 17:24:40 PM SimpleTomcat.catalina.Connector start
INFO : Starting ProtocolHandler [http-bio-8080]
11 03, 2020 17:24:40 PM SimpleTomcat.catalina.Connector start
INFO : Starting ProtocolHandler [http-bio-8081]
11 03, 2020 17:24:40 PM SimpleTomcat.catalina.Connector start
INFO : Starting ProtocolHandler [http-bio-8082]
11 03, 2020 17:24:40 PM SimpleTomcat.catalina.Server start
INFO : Server startup in 68 ms
11 03, 2020 17:24:46 PM SimpleTomcat.catalina.HttpProcessor error
ERROR: this is a deliberately created exception
java.lang.RuntimeException: this is a deliberately created exception
	at SimpleTomcat.servlet.DefaultServlet.service(DefaultServlet.java:43)
	at SimpleTomcat.catalina.HttpProcessor.execute(HttpProcessor.java:41)
	at SimpleTomcat.catalina.Connector$1.run(Connector.java:66)
	at java.util.concurrent.ThreadPoolExecutor.runWorker(ThreadPoolExecutor.java:1149)
	at java.util.concurrent.ThreadPoolExecutor$Worker.run(ThreadPoolExecutor.java:624)
	at java.lang.Thread.run(Thread.java:748)
11 03, 2020 17:32:30 PM SimpleTomcat.catalina.Context deploy
INFO : Deploying web application directory /Users/zifwang/Desktop/SimpleTomcat/webapps/j2ee
11 03, 2020 17:32:30 PM SimpleTomcat.catalina.Context deploy
INFO : Deployment of web application directory /Users/zifwang/Desktop/SimpleTomcat/webapps/j2ee succeed in 277 ms
11 03, 2020 17:32:30 PM SimpleTomcat.catalina.Context deploy
INFO : Deploying web application directory /Users/zifwang/Desktop/SimpleTomcat/webapps/a
11 03, 2020 17:32:30 PM SimpleTomcat.catalina.Context init
INFO : Web application directory /Users/zifwang/Desktop/SimpleTomcat/webapps/a doesn't contains web.xml file
11 03, 2020 17:32:30 PM SimpleTomcat.catalina.Context deploy
INFO : Deployment of web application directory /Users/zifwang/Desktop/SimpleTomcat/webapps/a succeed in 2 ms
11 03, 2020 17:32:30 PM SimpleTomcat.catalina.Context deploy
INFO : Deploying web application directory /Users/zifwang/Desktop/SimpleTomcat/webapps/ROOT
11 03, 2020 17:32:30 PM SimpleTomcat.catalina.Context init
INFO : Web application directory /Users/zifwang/Desktop/SimpleTomcat/webapps/ROOT doesn't contains web.xml file
11 03, 2020 17:32:30 PM SimpleTomcat.catalina.Context deploy
INFO : Deployment of web application directory /Users/zifwang/Desktop/SimpleTomcat/webapps/ROOT succeed in 1 ms
11 03, 2020 17:32:30 PM SimpleTomcat.catalina.Context deploy
INFO : Deploying web application directory /Users/zifwang/Desktop/SimpleTomcat/b
11 03, 2020 17:32:30 PM SimpleTomcat.catalina.Context init
INFO : Web application directory /Users/zifwang/Desktop/SimpleTomcat/b doesn't contains web.xml file
11 03, 2020 17:32:30 PM SimpleTomcat.catalina.Context deploy
INFO : Deployment of web application directory /Users/zifwang/Desktop/SimpleTomcat/b succeed in 2 ms
11 03, 2020 17:32:30 PM SimpleTomcat.catalina.Server logJVM
INFO : Server versions:		SimpleTomcat/1.0.1
11 03, 2020 17:32:30 PM SimpleTomcat.catalina.Server logJVM
INFO : Server built:		2020-11-03
11 03, 2020 17:32:30 PM SimpleTomcat.catalina.Server logJVM
INFO : Server number:		1.0.1
11 03, 2020 17:32:30 PM SimpleTomcat.catalina.Server logJVM
INFO : OS Name	:		Mac OS X
11 03, 2020 17:32:30 PM SimpleTomcat.catalina.Server logJVM
INFO : OS Version:		10.15.6
11 03, 2020 17:32:30 PM SimpleTomcat.catalina.Server logJVM
INFO : Architecture:		x86_64
11 03, 2020 17:32:30 PM SimpleTomcat.catalina.Server logJVM
INFO : Java Home:		/Library/Java/JavaVirtualMachines/jdk1.8.0_171.jdk/Contents/Home/jre
11 03, 2020 17:32:30 PM SimpleTomcat.catalina.Server logJVM
INFO : JVM Version:		1.8.0_171-b11
11 03, 2020 17:32:30 PM SimpleTomcat.catalina.Server logJVM
INFO : JVM Vendor:		Oracle Corporation
11 03, 2020 17:32:30 PM SimpleTomcat.catalina.Connector init
INFO : Initializing ProtocolHandler [http-bio-8080]
11 03, 2020 17:32:30 PM SimpleTomcat.catalina.Connector init
INFO : Initializing ProtocolHandler [http-bio-8081]
11 03, 2020 17:32:30 PM SimpleTomcat.catalina.Connector init
INFO : Initializing ProtocolHandler [http-bio-8082]
11 03, 2020 17:32:30 PM SimpleTomcat.catalina.Service init
INFO : Initialization processed in 1 ms
11 03, 2020 17:32:30 PM SimpleTomcat.catalina.Connector start
INFO : Starting ProtocolHandler [http-bio-8080]
11 03, 2020 17:32:30 PM SimpleTomcat.catalina.Connector start
INFO : Starting ProtocolHandler [http-bio-8081]
11 03, 2020 17:32:30 PM SimpleTomcat.catalina.Connector start
INFO : Starting ProtocolHandler [http-bio-8082]
11 03, 2020 17:32:30 PM SimpleTomcat.catalina.Server start
INFO : Server startup in 18 ms
11 03, 2020 17:32:37 PM SimpleTomcat.catalina.HttpProcessor error
ERROR: this is a deliberately created exception
java.lang.RuntimeException: this is a deliberately created exception
	at SimpleTomcat.servlet.DefaultServlet.service(DefaultServlet.java:43)
	at SimpleTomcat.catalina.HttpProcessor.execute(HttpProcessor.java:41)
	at SimpleTomcat.catalina.Connector$1.run(Connector.java:66)
	at java.util.concurrent.ThreadPoolExecutor.runWorker(ThreadPoolExecutor.java:1149)
	at java.util.concurrent.ThreadPoolExecutor$Worker.run(ThreadPoolExecutor.java:624)
	at java.lang.Thread.run(Thread.java:748)
11 03, 2020 17:37:33 PM SimpleTomcat.catalina.Context deploy
INFO : Deploying web application directory /Users/zifwang/Desktop/SimpleTomcat/webapps/j2ee
11 03, 2020 17:37:33 PM SimpleTomcat.catalina.Context deploy
INFO : Deployment of web application directory /Users/zifwang/Desktop/SimpleTomcat/webapps/j2ee succeed in 267 ms
11 03, 2020 17:37:33 PM SimpleTomcat.catalina.Context deploy
INFO : Deploying web application directory /Users/zifwang/Desktop/SimpleTomcat/webapps/a
11 03, 2020 17:37:33 PM SimpleTomcat.catalina.Context init
INFO : Web application directory /Users/zifwang/Desktop/SimpleTomcat/webapps/a doesn't contains web.xml file
11 03, 2020 17:37:33 PM SimpleTomcat.catalina.Context deploy
INFO : Deployment of web application directory /Users/zifwang/Desktop/SimpleTomcat/webapps/a succeed in 3 ms
11 03, 2020 17:37:33 PM SimpleTomcat.catalina.Context deploy
INFO : Deploying web application directory /Users/zifwang/Desktop/SimpleTomcat/webapps/ROOT
11 03, 2020 17:37:33 PM SimpleTomcat.catalina.Context init
INFO : Web application directory /Users/zifwang/Desktop/SimpleTomcat/webapps/ROOT doesn't contains web.xml file
11 03, 2020 17:37:33 PM SimpleTomcat.catalina.Context deploy
INFO : Deployment of web application directory /Users/zifwang/Desktop/SimpleTomcat/webapps/ROOT succeed in 1 ms
11 03, 2020 17:37:33 PM SimpleTomcat.catalina.Context deploy
INFO : Deploying web application directory /Users/zifwang/Desktop/SimpleTomcat/b
11 03, 2020 17:37:33 PM SimpleTomcat.catalina.Context init
INFO : Web application directory /Users/zifwang/Desktop/SimpleTomcat/b doesn't contains web.xml file
11 03, 2020 17:37:33 PM SimpleTomcat.catalina.Context deploy
INFO : Deployment of web application directory /Users/zifwang/Desktop/SimpleTomcat/b succeed in 3 ms
11 03, 2020 17:37:33 PM SimpleTomcat.catalina.Server logJVM
INFO : Server versions:		SimpleTomcat/1.0.1
11 03, 2020 17:37:33 PM SimpleTomcat.catalina.Server logJVM
INFO : Server built:		2020-11-03
11 03, 2020 17:37:33 PM SimpleTomcat.catalina.Server logJVM
INFO : Server number:		1.0.1
11 03, 2020 17:37:33 PM SimpleTomcat.catalina.Server logJVM
INFO : OS Name	:		Mac OS X
11 03, 2020 17:37:33 PM SimpleTomcat.catalina.Server logJVM
INFO : OS Version:		10.15.6
11 03, 2020 17:37:33 PM SimpleTomcat.catalina.Server logJVM
INFO : Architecture:		x86_64
11 03, 2020 17:37:33 PM SimpleTomcat.catalina.Server logJVM
INFO : Java Home:		/Library/Java/JavaVirtualMachines/jdk1.8.0_171.jdk/Contents/Home/jre
11 03, 2020 17:37:33 PM SimpleTomcat.catalina.Server logJVM
INFO : JVM Version:		1.8.0_171-b11
11 03, 2020 17:37:33 PM SimpleTomcat.catalina.Server logJVM
INFO : JVM Vendor:		Oracle Corporation
11 03, 2020 17:37:33 PM SimpleTomcat.catalina.Connector init
INFO : Initializing ProtocolHandler [http-bio-8080]
11 03, 2020 17:37:33 PM SimpleTomcat.catalina.Connector init
INFO : Initializing ProtocolHandler [http-bio-8081]
11 03, 2020 17:37:33 PM SimpleTomcat.catalina.Connector init
INFO : Initializing ProtocolHandler [http-bio-8082]
11 03, 2020 17:37:33 PM SimpleTomcat.catalina.Service init
INFO : Initialization processed in 1 ms
11 03, 2020 17:37:33 PM SimpleTomcat.catalina.Connector start
INFO : Starting ProtocolHandler [http-bio-8080]
11 03, 2020 17:37:33 PM SimpleTomcat.catalina.Connector start
INFO : Starting ProtocolHandler [http-bio-8081]
11 03, 2020 17:37:33 PM SimpleTomcat.catalina.Connector start
INFO : Starting ProtocolHandler [http-bio-8082]
11 03, 2020 17:37:33 PM SimpleTomcat.catalina.Server start
INFO : Server startup in 16 ms
11 03, 2020 17:37:38 PM SimpleTomcat.catalina.HttpProcessor error
ERROR: this is a deliberately created exception
java.lang.RuntimeException: this is a deliberately created exception
	at SimpleTomcat.servlet.DefaultServlet.service(DefaultServlet.java:43)
	at SimpleTomcat.catalina.HttpProcessor.execute(HttpProcessor.java:35)
	at SimpleTomcat.catalina.Connector$1.run(Connector.java:66)
	at java.util.concurrent.ThreadPoolExecutor.runWorker(ThreadPoolExecutor.java:1149)
	at java.util.concurrent.ThreadPoolExecutor$Worker.run(ThreadPoolExecutor.java:624)
	at java.lang.Thread.run(Thread.java:748)
11 03, 2020 17:39:38 PM SimpleTomcat.catalina.Context deploy
INFO : Deploying web application directory /Users/zifwang/Desktop/SimpleTomcat/webapps/j2ee
11 03, 2020 17:39:38 PM SimpleTomcat.catalina.Context deploy
INFO : Deployment of web application directory /Users/zifwang/Desktop/SimpleTomcat/webapps/j2ee succeed in 236 ms
11 03, 2020 17:39:38 PM SimpleTomcat.catalina.Context deploy
INFO : Deploying web application directory /Users/zifwang/Desktop/SimpleTomcat/webapps/a
11 03, 2020 17:39:38 PM SimpleTomcat.catalina.Context init
INFO : Web application directory /Users/zifwang/Desktop/SimpleTomcat/webapps/a doesn't contains web.xml file
11 03, 2020 17:39:38 PM SimpleTomcat.catalina.Context deploy
INFO : Deployment of web application directory /Users/zifwang/Desktop/SimpleTomcat/webapps/a succeed in 2 ms
11 03, 2020 17:39:38 PM SimpleTomcat.catalina.Context deploy
INFO : Deploying web application directory /Users/zifwang/Desktop/SimpleTomcat/webapps/ROOT
11 03, 2020 17:39:38 PM SimpleTomcat.catalina.Context init
INFO : Web application directory /Users/zifwang/Desktop/SimpleTomcat/webapps/ROOT doesn't contains web.xml file
11 03, 2020 17:39:38 PM SimpleTomcat.catalina.Context deploy
INFO : Deployment of web application directory /Users/zifwang/Desktop/SimpleTomcat/webapps/ROOT succeed in 1 ms
11 03, 2020 17:39:38 PM SimpleTomcat.catalina.Context deploy
INFO : Deploying web application directory /Users/zifwang/Desktop/SimpleTomcat/b
11 03, 2020 17:39:38 PM SimpleTomcat.catalina.Context init
INFO : Web application directory /Users/zifwang/Desktop/SimpleTomcat/b doesn't contains web.xml file
11 03, 2020 17:39:38 PM SimpleTomcat.catalina.Context deploy
INFO : Deployment of web application directory /Users/zifwang/Desktop/SimpleTomcat/b succeed in 4 ms
11 03, 2020 17:39:38 PM SimpleTomcat.catalina.Server logJVM
INFO : Server versions:		SimpleTomcat/1.0.1
11 03, 2020 17:39:38 PM SimpleTomcat.catalina.Server logJVM
INFO : Server built:		2020-11-03
11 03, 2020 17:39:38 PM SimpleTomcat.catalina.Server logJVM
INFO : Server number:		1.0.1
11 03, 2020 17:39:38 PM SimpleTomcat.catalina.Server logJVM
INFO : OS Name	:		Mac OS X
11 03, 2020 17:39:38 PM SimpleTomcat.catalina.Server logJVM
INFO : OS Version:		10.15.6
11 03, 2020 17:39:38 PM SimpleTomcat.catalina.Server logJVM
INFO : Architecture:		x86_64
11 03, 2020 17:39:38 PM SimpleTomcat.catalina.Server logJVM
INFO : Java Home:		/Library/Java/JavaVirtualMachines/jdk1.8.0_171.jdk/Contents/Home/jre
11 03, 2020 17:39:38 PM SimpleTomcat.catalina.Server logJVM
INFO : JVM Version:		1.8.0_171-b11
11 03, 2020 17:39:38 PM SimpleTomcat.catalina.Server logJVM
INFO : JVM Vendor:		Oracle Corporation
11 03, 2020 17:39:38 PM SimpleTomcat.catalina.Connector init
INFO : Initializing ProtocolHandler [http-bio-8080]
11 03, 2020 17:39:38 PM SimpleTomcat.catalina.Connector init
INFO : Initializing ProtocolHandler [http-bio-8081]
11 03, 2020 17:39:38 PM SimpleTomcat.catalina.Connector init
INFO : Initializing ProtocolHandler [http-bio-8082]
11 03, 2020 17:39:38 PM SimpleTomcat.catalina.Service init
INFO : Initialization processed in 2 ms
11 03, 2020 17:39:38 PM SimpleTomcat.catalina.Connector start
INFO : Starting ProtocolHandler [http-bio-8080]
11 03, 2020 17:39:38 PM SimpleTomcat.catalina.Connector start
INFO : Starting ProtocolHandler [http-bio-8081]
11 03, 2020 17:39:38 PM SimpleTomcat.catalina.Connector start
INFO : Starting ProtocolHandler [http-bio-8082]
11 03, 2020 17:39:38 PM SimpleTomcat.catalina.Server start
INFO : Server startup in 12 ms
11 03, 2020 17:42:56 PM SimpleTomcat.catalina.Context deploy
INFO : Deploying web application directory /Users/zifwang/Desktop/SimpleTomcat/webapps/j2ee
11 03, 2020 17:42:56 PM SimpleTomcat.catalina.Context deploy
INFO : Deployment of web application directory /Users/zifwang/Desktop/SimpleTomcat/webapps/j2ee succeed in 260 ms
11 03, 2020 17:42:56 PM SimpleTomcat.catalina.Context deploy
INFO : Deploying web application directory /Users/zifwang/Desktop/SimpleTomcat/webapps/a
11 03, 2020 17:42:56 PM SimpleTomcat.catalina.Context init
INFO : Web application directory /Users/zifwang/Desktop/SimpleTomcat/webapps/a doesn't contains web.xml file
11 03, 2020 17:42:56 PM SimpleTomcat.catalina.Context deploy
INFO : Deployment of web application directory /Users/zifwang/Desktop/SimpleTomcat/webapps/a succeed in 2 ms
11 03, 2020 17:42:56 PM SimpleTomcat.catalina.Context deploy
INFO : Deploying web application directory /Users/zifwang/Desktop/SimpleTomcat/webapps/ROOT
11 03, 2020 17:42:56 PM SimpleTomcat.catalina.Context init
INFO : Web application directory /Users/zifwang/Desktop/SimpleTomcat/webapps/ROOT doesn't contains web.xml file
11 03, 2020 17:42:56 PM SimpleTomcat.catalina.Context deploy
INFO : Deployment of web application directory /Users/zifwang/Desktop/SimpleTomcat/webapps/ROOT succeed in 1 ms
11 03, 2020 17:42:56 PM SimpleTomcat.catalina.Context deploy
INFO : Deploying web application directory /Users/zifwang/Desktop/SimpleTomcat/b
11 03, 2020 17:42:56 PM SimpleTomcat.catalina.Context init
INFO : Web application directory /Users/zifwang/Desktop/SimpleTomcat/b doesn't contains web.xml file
11 03, 2020 17:42:56 PM SimpleTomcat.catalina.Context deploy
INFO : Deployment of web application directory /Users/zifwang/Desktop/SimpleTomcat/b succeed in 1 ms
11 03, 2020 17:42:56 PM SimpleTomcat.catalina.Server logJVM
INFO : Server versions:		SimpleTomcat/1.0.1
11 03, 2020 17:42:56 PM SimpleTomcat.catalina.Server logJVM
INFO : Server built:		2020-11-03
11 03, 2020 17:42:56 PM SimpleTomcat.catalina.Server logJVM
INFO : Server number:		1.0.1
11 03, 2020 17:42:56 PM SimpleTomcat.catalina.Server logJVM
INFO : OS Name	:		Mac OS X
11 03, 2020 17:42:56 PM SimpleTomcat.catalina.Server logJVM
INFO : OS Version:		10.15.6
11 03, 2020 17:42:56 PM SimpleTomcat.catalina.Server logJVM
INFO : Architecture:		x86_64
11 03, 2020 17:42:56 PM SimpleTomcat.catalina.Server logJVM
INFO : Java Home:		/Library/Java/JavaVirtualMachines/jdk1.8.0_171.jdk/Contents/Home/jre
11 03, 2020 17:42:56 PM SimpleTomcat.catalina.Server logJVM
INFO : JVM Version:		1.8.0_171-b11
11 03, 2020 17:42:56 PM SimpleTomcat.catalina.Server logJVM
INFO : JVM Vendor:		Oracle Corporation
11 03, 2020 17:42:56 PM SimpleTomcat.catalina.Connector init
INFO : Initializing ProtocolHandler [http-bio-8080]
11 03, 2020 17:42:56 PM SimpleTomcat.catalina.Connector init
INFO : Initializing ProtocolHandler [http-bio-8081]
11 03, 2020 17:42:56 PM SimpleTomcat.catalina.Connector init
INFO : Initializing ProtocolHandler [http-bio-8082]
11 03, 2020 17:42:56 PM SimpleTomcat.catalina.Service init
INFO : Initialization processed in 1 ms
11 03, 2020 17:42:56 PM SimpleTomcat.catalina.Connector start
INFO : Starting ProtocolHandler [http-bio-8080]
11 03, 2020 17:42:56 PM SimpleTomcat.catalina.Connector start
INFO : Starting ProtocolHandler [http-bio-8081]
11 03, 2020 17:42:56 PM SimpleTomcat.catalina.Connector start
INFO : Starting ProtocolHandler [http-bio-8082]
11 03, 2020 17:42:56 PM SimpleTomcat.catalina.Server start
INFO : Server startup in 16 ms
11 03, 2020 17:44:30 PM SimpleTomcat.catalina.Context deploy
INFO : Deploying web application directory /Users/zifwang/Desktop/SimpleTomcat/webapps/j2ee
11 03, 2020 17:44:30 PM SimpleTomcat.catalina.Context deploy
INFO : Deployment of web application directory /Users/zifwang/Desktop/SimpleTomcat/webapps/j2ee succeed in 386 ms
11 03, 2020 17:44:30 PM SimpleTomcat.catalina.Context deploy
INFO : Deploying web application directory /Users/zifwang/Desktop/SimpleTomcat/webapps/a
11 03, 2020 17:44:30 PM SimpleTomcat.catalina.Context init
INFO : Web application directory /Users/zifwang/Desktop/SimpleTomcat/webapps/a doesn't contains web.xml file
11 03, 2020 17:44:30 PM SimpleTomcat.catalina.Context deploy
INFO : Deployment of web application directory /Users/zifwang/Desktop/SimpleTomcat/webapps/a succeed in 1 ms
11 03, 2020 17:44:30 PM SimpleTomcat.catalina.Context deploy
INFO : Deploying web application directory /Users/zifwang/Desktop/SimpleTomcat/webapps/ROOT
11 03, 2020 17:44:30 PM SimpleTomcat.catalina.Context init
INFO : Web application directory /Users/zifwang/Desktop/SimpleTomcat/webapps/ROOT doesn't contains web.xml file
11 03, 2020 17:44:30 PM SimpleTomcat.catalina.Context deploy
INFO : Deployment of web application directory /Users/zifwang/Desktop/SimpleTomcat/webapps/ROOT succeed in 4 ms
11 03, 2020 17:44:30 PM SimpleTomcat.catalina.Context deploy
INFO : Deploying web application directory /Users/zifwang/Desktop/SimpleTomcat/b
11 03, 2020 17:44:30 PM SimpleTomcat.catalina.Context init
INFO : Web application directory /Users/zifwang/Desktop/SimpleTomcat/b doesn't contains web.xml file
11 03, 2020 17:44:30 PM SimpleTomcat.catalina.Context deploy
INFO : Deployment of web application directory /Users/zifwang/Desktop/SimpleTomcat/b succeed in 2 ms
11 03, 2020 17:44:30 PM SimpleTomcat.catalina.Server logJVM
INFO : Server versions:		SimpleTomcat/1.0.1
11 03, 2020 17:44:30 PM SimpleTomcat.catalina.Server logJVM
INFO : Server built:		2020-11-03
11 03, 2020 17:44:30 PM SimpleTomcat.catalina.Server logJVM
INFO : Server number:		1.0.1
11 03, 2020 17:44:30 PM SimpleTomcat.catalina.Server logJVM
INFO : OS Name	:		Mac OS X
11 03, 2020 17:44:30 PM SimpleTomcat.catalina.Server logJVM
INFO : OS Version:		10.15.6
11 03, 2020 17:44:30 PM SimpleTomcat.catalina.Server logJVM
INFO : Architecture:		x86_64
11 03, 2020 17:44:30 PM SimpleTomcat.catalina.Server logJVM
INFO : Java Home:		/Library/Java/JavaVirtualMachines/jdk1.8.0_171.jdk/Contents/Home/jre
11 03, 2020 17:44:30 PM SimpleTomcat.catalina.Server logJVM
INFO : JVM Version:		1.8.0_171-b11
11 03, 2020 17:44:30 PM SimpleTomcat.catalina.Server logJVM
INFO : JVM Vendor:		Oracle Corporation
11 03, 2020 17:44:30 PM SimpleTomcat.catalina.Connector init
INFO : Initializing ProtocolHandler [http-bio-8080]
11 03, 2020 17:44:30 PM SimpleTomcat.catalina.Connector init
INFO : Initializing ProtocolHandler [http-bio-8081]
11 03, 2020 17:44:30 PM SimpleTomcat.catalina.Connector init
INFO : Initializing ProtocolHandler [http-bio-8082]
11 03, 2020 17:44:30 PM SimpleTomcat.catalina.Service init
INFO : Initialization processed in 3 ms
11 03, 2020 17:44:30 PM SimpleTomcat.catalina.Connector start
INFO : Starting ProtocolHandler [http-bio-8080]
11 03, 2020 17:44:30 PM SimpleTomcat.catalina.Connector start
INFO : Starting ProtocolHandler [http-bio-8081]
11 03, 2020 17:44:30 PM SimpleTomcat.catalina.Connector start
INFO : Starting ProtocolHandler [http-bio-8082]
11 03, 2020 17:44:30 PM SimpleTomcat.catalina.Server start
INFO : Server startup in 23 ms
11 03, 2020 17:45:16 PM SimpleTomcat.catalina.Context deploy
INFO : Deploying web application directory /Users/zifwang/Desktop/SimpleTomcat/webapps/j2ee
11 03, 2020 17:45:16 PM SimpleTomcat.catalina.Context deploy
INFO : Deployment of web application directory /Users/zifwang/Desktop/SimpleTomcat/webapps/j2ee succeed in 339 ms
11 03, 2020 17:45:16 PM SimpleTomcat.catalina.Context deploy
INFO : Deploying web application directory /Users/zifwang/Desktop/SimpleTomcat/webapps/a
11 03, 2020 17:45:16 PM SimpleTomcat.catalina.Context init
INFO : Web application directory /Users/zifwang/Desktop/SimpleTomcat/webapps/a doesn't contains web.xml file
11 03, 2020 17:45:16 PM SimpleTomcat.catalina.Context deploy
INFO : Deployment of web application directory /Users/zifwang/Desktop/SimpleTomcat/webapps/a succeed in 9 ms
11 03, 2020 17:45:16 PM SimpleTomcat.catalina.Context deploy
INFO : Deploying web application directory /Users/zifwang/Desktop/SimpleTomcat/webapps/ROOT
11 03, 2020 17:45:16 PM SimpleTomcat.catalina.Context init
INFO : Web application directory /Users/zifwang/Desktop/SimpleTomcat/webapps/ROOT doesn't contains web.xml file
11 03, 2020 17:45:16 PM SimpleTomcat.catalina.Context deploy
INFO : Deployment of web application directory /Users/zifwang/Desktop/SimpleTomcat/webapps/ROOT succeed in 4 ms
11 03, 2020 17:45:16 PM SimpleTomcat.catalina.Context deploy
INFO : Deploying web application directory /Users/zifwang/Desktop/SimpleTomcat/b
11 03, 2020 17:45:16 PM SimpleTomcat.catalina.Context init
INFO : Web application directory /Users/zifwang/Desktop/SimpleTomcat/b doesn't contains web.xml file
11 03, 2020 17:45:16 PM SimpleTomcat.catalina.Context deploy
INFO : Deployment of web application directory /Users/zifwang/Desktop/SimpleTomcat/b succeed in 4 ms
11 03, 2020 17:45:16 PM SimpleTomcat.catalina.Server logJVM
INFO : Server versions:		SimpleTomcat/1.0.1
11 03, 2020 17:45:16 PM SimpleTomcat.catalina.Server logJVM
INFO : Server built:		2020-11-03
11 03, 2020 17:45:16 PM SimpleTomcat.catalina.Server logJVM
INFO : Server number:		1.0.1
11 03, 2020 17:45:16 PM SimpleTomcat.catalina.Server logJVM
INFO : OS Name	:		Mac OS X
11 03, 2020 17:45:16 PM SimpleTomcat.catalina.Server logJVM
INFO : OS Version:		10.15.6
11 03, 2020 17:45:16 PM SimpleTomcat.catalina.Server logJVM
INFO : Architecture:		x86_64
11 03, 2020 17:45:16 PM SimpleTomcat.catalina.Server logJVM
INFO : Java Home:		/Library/Java/JavaVirtualMachines/jdk1.8.0_171.jdk/Contents/Home/jre
11 03, 2020 17:45:16 PM SimpleTomcat.catalina.Server logJVM
INFO : JVM Version:		1.8.0_171-b11
11 03, 2020 17:45:16 PM SimpleTomcat.catalina.Server logJVM
INFO : JVM Vendor:		Oracle Corporation
11 03, 2020 17:45:16 PM SimpleTomcat.catalina.Connector init
INFO : Initializing ProtocolHandler [http-bio-8080]
11 03, 2020 17:45:16 PM SimpleTomcat.catalina.Connector init
INFO : Initializing ProtocolHandler [http-bio-8081]
11 03, 2020 17:45:16 PM SimpleTomcat.catalina.Connector init
INFO : Initializing ProtocolHandler [http-bio-8082]
11 03, 2020 17:45:16 PM SimpleTomcat.catalina.Service init
INFO : Initialization processed in 3 ms
11 03, 2020 17:45:16 PM SimpleTomcat.catalina.Connector start
INFO : Starting ProtocolHandler [http-bio-8080]
11 03, 2020 17:45:16 PM SimpleTomcat.catalina.Connector start
INFO : Starting ProtocolHandler [http-bio-8081]
11 03, 2020 17:45:16 PM SimpleTomcat.catalina.Connector start
INFO : Starting ProtocolHandler [http-bio-8082]
11 03, 2020 17:45:16 PM SimpleTomcat.catalina.Server start
INFO : Server startup in 50 ms
11 03, 2020 17:45:52 PM SimpleTomcat.catalina.Context deploy
INFO : Deploying web application directory /Users/zifwang/Desktop/SimpleTomcat/webapps/j2ee
11 03, 2020 17:45:52 PM SimpleTomcat.catalina.Context deploy
INFO : Deployment of web application directory /Users/zifwang/Desktop/SimpleTomcat/webapps/j2ee succeed in 229 ms
11 03, 2020 17:45:52 PM SimpleTomcat.catalina.Context deploy
INFO : Deploying web application directory /Users/zifwang/Desktop/SimpleTomcat/webapps/a
11 03, 2020 17:45:52 PM SimpleTomcat.catalina.Context init
INFO : Web application directory /Users/zifwang/Desktop/SimpleTomcat/webapps/a doesn't contains web.xml file
11 03, 2020 17:45:52 PM SimpleTomcat.catalina.Context deploy
INFO : Deployment of web application directory /Users/zifwang/Desktop/SimpleTomcat/webapps/a succeed in 2 ms
11 03, 2020 17:45:52 PM SimpleTomcat.catalina.Context deploy
INFO : Deploying web application directory /Users/zifwang/Desktop/SimpleTomcat/webapps/ROOT
11 03, 2020 17:45:52 PM SimpleTomcat.catalina.Context init
INFO : Web application directory /Users/zifwang/Desktop/SimpleTomcat/webapps/ROOT doesn't contains web.xml file
11 03, 2020 17:45:52 PM SimpleTomcat.catalina.Context deploy
INFO : Deployment of web application directory /Users/zifwang/Desktop/SimpleTomcat/webapps/ROOT succeed in 1 ms
11 03, 2020 17:45:52 PM SimpleTomcat.catalina.Context deploy
INFO : Deploying web application directory /Users/zifwang/Desktop/SimpleTomcat/b
11 03, 2020 17:45:52 PM SimpleTomcat.catalina.Context init
INFO : Web application directory /Users/zifwang/Desktop/SimpleTomcat/b doesn't contains web.xml file
11 03, 2020 17:45:52 PM SimpleTomcat.catalina.Context deploy
INFO : Deployment of web application directory /Users/zifwang/Desktop/SimpleTomcat/b succeed in 2 ms
11 03, 2020 17:45:52 PM SimpleTomcat.catalina.Server logJVM
INFO : Server versions:		SimpleTomcat/1.0.1
11 03, 2020 17:45:52 PM SimpleTomcat.catalina.Server logJVM
INFO : Server built:		2020-11-03
11 03, 2020 17:45:52 PM SimpleTomcat.catalina.Server logJVM
INFO : Server number:		1.0.1
11 03, 2020 17:45:52 PM SimpleTomcat.catalina.Server logJVM
INFO : OS Name	:		Mac OS X
11 03, 2020 17:45:52 PM SimpleTomcat.catalina.Server logJVM
INFO : OS Version:		10.15.6
11 03, 2020 17:45:52 PM SimpleTomcat.catalina.Server logJVM
INFO : Architecture:		x86_64
11 03, 2020 17:45:52 PM SimpleTomcat.catalina.Server logJVM
INFO : Java Home:		/Library/Java/JavaVirtualMachines/jdk1.8.0_171.jdk/Contents/Home/jre
11 03, 2020 17:45:52 PM SimpleTomcat.catalina.Server logJVM
INFO : JVM Version:		1.8.0_171-b11
11 03, 2020 17:45:52 PM SimpleTomcat.catalina.Server logJVM
INFO : JVM Vendor:		Oracle Corporation
11 03, 2020 17:45:52 PM SimpleTomcat.catalina.Connector init
INFO : Initializing ProtocolHandler [http-bio-8080]
11 03, 2020 17:45:52 PM SimpleTomcat.catalina.Connector init
INFO : Initializing ProtocolHandler [http-bio-8081]
11 03, 2020 17:45:52 PM SimpleTomcat.catalina.Connector init
INFO : Initializing ProtocolHandler [http-bio-8082]
11 03, 2020 17:45:52 PM SimpleTomcat.catalina.Service init
INFO : Initialization processed in 2 ms
11 03, 2020 17:45:52 PM SimpleTomcat.catalina.Connector start
INFO : Starting ProtocolHandler [http-bio-8080]
11 03, 2020 17:45:52 PM SimpleTomcat.catalina.Connector start
INFO : Starting ProtocolHandler [http-bio-8081]
11 03, 2020 17:45:52 PM SimpleTomcat.catalina.Connector start
INFO : Starting ProtocolHandler [http-bio-8082]
11 03, 2020 17:45:52 PM SimpleTomcat.catalina.Server start
INFO : Server startup in 16 ms
11 03, 2020 17:48:59 PM SimpleTomcat.catalina.Context deploy
INFO : Deploying web application directory /Users/zifwang/Desktop/SimpleTomcat/webapps/j2ee
11 03, 2020 17:48:59 PM SimpleTomcat.catalina.Context deploy
INFO : Deployment of web application directory /Users/zifwang/Desktop/SimpleTomcat/webapps/j2ee succeed in 229 ms
11 03, 2020 17:48:59 PM SimpleTomcat.catalina.Context deploy
INFO : Deploying web application directory /Users/zifwang/Desktop/SimpleTomcat/webapps/a
11 03, 2020 17:48:59 PM SimpleTomcat.catalina.Context init
INFO : Web application directory /Users/zifwang/Desktop/SimpleTomcat/webapps/a doesn't contains web.xml file
11 03, 2020 17:48:59 PM SimpleTomcat.catalina.Context deploy
INFO : Deployment of web application directory /Users/zifwang/Desktop/SimpleTomcat/webapps/a succeed in 2 ms
11 03, 2020 17:48:59 PM SimpleTomcat.catalina.Context deploy
INFO : Deploying web application directory /Users/zifwang/Desktop/SimpleTomcat/webapps/ROOT
11 03, 2020 17:48:59 PM SimpleTomcat.catalina.Context init
INFO : Web application directory /Users/zifwang/Desktop/SimpleTomcat/webapps/ROOT doesn't contains web.xml file
11 03, 2020 17:48:59 PM SimpleTomcat.catalina.Context deploy
INFO : Deployment of web application directory /Users/zifwang/Desktop/SimpleTomcat/webapps/ROOT succeed in 2 ms
11 03, 2020 17:48:59 PM SimpleTomcat.catalina.Context deploy
INFO : Deploying web application directory /Users/zifwang/Desktop/SimpleTomcat/b
11 03, 2020 17:48:59 PM SimpleTomcat.catalina.Context init
INFO : Web application directory /Users/zifwang/Desktop/SimpleTomcat/b doesn't contains web.xml file
11 03, 2020 17:48:59 PM SimpleTomcat.catalina.Context deploy
INFO : Deployment of web application directory /Users/zifwang/Desktop/SimpleTomcat/b succeed in 2 ms
11 03, 2020 17:48:59 PM SimpleTomcat.catalina.Server logJVM
INFO : Server versions:		SimpleTomcat/1.0.1
11 03, 2020 17:48:59 PM SimpleTomcat.catalina.Server logJVM
INFO : Server built:		2020-11-03
11 03, 2020 17:48:59 PM SimpleTomcat.catalina.Server logJVM
INFO : Server number:		1.0.1
11 03, 2020 17:48:59 PM SimpleTomcat.catalina.Server logJVM
INFO : OS Name	:		Mac OS X
11 03, 2020 17:48:59 PM SimpleTomcat.catalina.Server logJVM
INFO : OS Version:		10.15.6
11 03, 2020 17:48:59 PM SimpleTomcat.catalina.Server logJVM
INFO : Architecture:		x86_64
11 03, 2020 17:48:59 PM SimpleTomcat.catalina.Server logJVM
INFO : Java Home:		/Library/Java/JavaVirtualMachines/jdk1.8.0_171.jdk/Contents/Home/jre
11 03, 2020 17:48:59 PM SimpleTomcat.catalina.Server logJVM
INFO : JVM Version:		1.8.0_171-b11
11 03, 2020 17:48:59 PM SimpleTomcat.catalina.Server logJVM
INFO : JVM Vendor:		Oracle Corporation
11 03, 2020 17:48:59 PM SimpleTomcat.catalina.Connector init
INFO : Initializing ProtocolHandler [http-bio-8080]
11 03, 2020 17:48:59 PM SimpleTomcat.catalina.Connector init
INFO : Initializing ProtocolHandler [http-bio-8081]
11 03, 2020 17:48:59 PM SimpleTomcat.catalina.Connector init
INFO : Initializing ProtocolHandler [http-bio-8082]
11 03, 2020 17:48:59 PM SimpleTomcat.catalina.Service init
INFO : Initialization processed in 5 ms
11 03, 2020 17:48:59 PM SimpleTomcat.catalina.Connector start
INFO : Starting ProtocolHandler [http-bio-8080]
11 03, 2020 17:48:59 PM SimpleTomcat.catalina.Connector start
INFO : Starting ProtocolHandler [http-bio-8081]
11 03, 2020 17:48:59 PM SimpleTomcat.catalina.Connector start
INFO : Starting ProtocolHandler [http-bio-8082]
11 03, 2020 17:48:59 PM SimpleTomcat.catalina.Server start
INFO : Server startup in 18 ms
11 03, 2020 17:50:21 PM SimpleTomcat.catalina.Context deploy
INFO : Deploying web application directory /Users/zifwang/Desktop/SimpleTomcat/webapps/j2ee
11 03, 2020 17:50:21 PM SimpleTomcat.catalina.Context deploy
INFO : Deployment of web application directory /Users/zifwang/Desktop/SimpleTomcat/webapps/j2ee succeed in 283 ms
11 03, 2020 17:50:21 PM SimpleTomcat.catalina.Context deploy
INFO : Deploying web application directory /Users/zifwang/Desktop/SimpleTomcat/webapps/a
11 03, 2020 17:50:21 PM SimpleTomcat.catalina.Context init
INFO : Web application directory /Users/zifwang/Desktop/SimpleTomcat/webapps/a doesn't contains web.xml file
11 03, 2020 17:50:21 PM SimpleTomcat.catalina.Context deploy
INFO : Deployment of web application directory /Users/zifwang/Desktop/SimpleTomcat/webapps/a succeed in 8 ms
11 03, 2020 17:50:21 PM SimpleTomcat.catalina.Context deploy
INFO : Deploying web application directory /Users/zifwang/Desktop/SimpleTomcat/webapps/ROOT
11 03, 2020 17:50:21 PM SimpleTomcat.catalina.Context init
INFO : Web application directory /Users/zifwang/Desktop/SimpleTomcat/webapps/ROOT doesn't contains web.xml file
11 03, 2020 17:50:21 PM SimpleTomcat.catalina.Context deploy
INFO : Deployment of web application directory /Users/zifwang/Desktop/SimpleTomcat/webapps/ROOT succeed in 3 ms
11 03, 2020 17:50:21 PM SimpleTomcat.catalina.Context deploy
INFO : Deploying web application directory /Users/zifwang/Desktop/SimpleTomcat/b
11 03, 2020 17:50:21 PM SimpleTomcat.catalina.Context init
INFO : Web application directory /Users/zifwang/Desktop/SimpleTomcat/b doesn't contains web.xml file
11 03, 2020 17:50:21 PM SimpleTomcat.catalina.Context deploy
INFO : Deployment of web application directory /Users/zifwang/Desktop/SimpleTomcat/b succeed in 2 ms
11 03, 2020 17:50:21 PM SimpleTomcat.catalina.Server logJVM
INFO : Server versions:		SimpleTomcat/1.0.1
11 03, 2020 17:50:21 PM SimpleTomcat.catalina.Server logJVM
INFO : Server built:		2020-11-03
11 03, 2020 17:50:21 PM SimpleTomcat.catalina.Server logJVM
INFO : Server number:		1.0.1
11 03, 2020 17:50:21 PM SimpleTomcat.catalina.Server logJVM
INFO : OS Name	:		Mac OS X
11 03, 2020 17:50:21 PM SimpleTomcat.catalina.Server logJVM
INFO : OS Version:		10.15.6
11 03, 2020 17:50:21 PM SimpleTomcat.catalina.Server logJVM
INFO : Architecture:		x86_64
11 03, 2020 17:50:21 PM SimpleTomcat.catalina.Server logJVM
INFO : Java Home:		/Library/Java/JavaVirtualMachines/jdk1.8.0_171.jdk/Contents/Home/jre
11 03, 2020 17:50:21 PM SimpleTomcat.catalina.Server logJVM
INFO : JVM Version:		1.8.0_171-b11
11 03, 2020 17:50:21 PM SimpleTomcat.catalina.Server logJVM
INFO : JVM Vendor:		Oracle Corporation
11 03, 2020 17:50:21 PM SimpleTomcat.catalina.Connector init
INFO : Initializing ProtocolHandler [http-bio-8080]
11 03, 2020 17:50:21 PM SimpleTomcat.catalina.Connector init
INFO : Initializing ProtocolHandler [http-bio-8081]
11 03, 2020 17:50:21 PM SimpleTomcat.catalina.Connector init
INFO : Initializing ProtocolHandler [http-bio-8082]
11 03, 2020 17:50:21 PM SimpleTomcat.catalina.Service init
INFO : Initialization processed in 2 ms
11 03, 2020 17:50:21 PM SimpleTomcat.catalina.Connector start
INFO : Starting ProtocolHandler [http-bio-8080]
11 03, 2020 17:50:21 PM SimpleTomcat.catalina.Connector start
INFO : Starting ProtocolHandler [http-bio-8081]
11 03, 2020 17:50:21 PM SimpleTomcat.catalina.Connector start
INFO : Starting ProtocolHandler [http-bio-8082]
11 03, 2020 17:50:21 PM SimpleTomcat.catalina.Server start
INFO : Server startup in 20 ms
11 03, 2020 17:50:32 PM SimpleTomcat.catalina.Context deploy
INFO : Deploying web application directory /Users/zifwang/Desktop/SimpleTomcat/webapps/j2ee
11 03, 2020 17:50:32 PM SimpleTomcat.catalina.Context deploy
INFO : Deployment of web application directory /Users/zifwang/Desktop/SimpleTomcat/webapps/j2ee succeed in 203 ms
11 03, 2020 17:50:32 PM SimpleTomcat.catalina.Context deploy
INFO : Deploying web application directory /Users/zifwang/Desktop/SimpleTomcat/webapps/a
11 03, 2020 17:50:32 PM SimpleTomcat.catalina.Context init
INFO : Web application directory /Users/zifwang/Desktop/SimpleTomcat/webapps/a doesn't contains web.xml file
11 03, 2020 17:50:32 PM SimpleTomcat.catalina.Context deploy
INFO : Deployment of web application directory /Users/zifwang/Desktop/SimpleTomcat/webapps/a succeed in 1 ms
11 03, 2020 17:50:32 PM SimpleTomcat.catalina.Context deploy
INFO : Deploying web application directory /Users/zifwang/Desktop/SimpleTomcat/webapps/ROOT
11 03, 2020 17:50:32 PM SimpleTomcat.catalina.Context init
INFO : Web application directory /Users/zifwang/Desktop/SimpleTomcat/webapps/ROOT doesn't contains web.xml file
11 03, 2020 17:50:32 PM SimpleTomcat.catalina.Context deploy
INFO : Deployment of web application directory /Users/zifwang/Desktop/SimpleTomcat/webapps/ROOT succeed in 1 ms
11 03, 2020 17:50:32 PM SimpleTomcat.catalina.Context deploy
INFO : Deploying web application directory /Users/zifwang/Desktop/SimpleTomcat/b
11 03, 2020 17:50:32 PM SimpleTomcat.catalina.Context init
INFO : Web application directory /Users/zifwang/Desktop/SimpleTomcat/b doesn't contains web.xml file
11 03, 2020 17:50:32 PM SimpleTomcat.catalina.Context deploy
INFO : Deployment of web application directory /Users/zifwang/Desktop/SimpleTomcat/b succeed in 1 ms
11 03, 2020 17:50:32 PM SimpleTomcat.catalina.Server logJVM
INFO : Server versions:		SimpleTomcat/1.0.1
11 03, 2020 17:50:32 PM SimpleTomcat.catalina.Server logJVM
INFO : Server built:		2020-11-03
11 03, 2020 17:50:32 PM SimpleTomcat.catalina.Server logJVM
INFO : Server number:		1.0.1
11 03, 2020 17:50:32 PM SimpleTomcat.catalina.Server logJVM
INFO : OS Name	:		Mac OS X
11 03, 2020 17:50:32 PM SimpleTomcat.catalina.Server logJVM
INFO : OS Version:		10.15.6
11 03, 2020 17:50:32 PM SimpleTomcat.catalina.Server logJVM
INFO : Architecture:		x86_64
11 03, 2020 17:50:32 PM SimpleTomcat.catalina.Server logJVM
INFO : Java Home:		/Library/Java/JavaVirtualMachines/jdk1.8.0_171.jdk/Contents/Home/jre
11 03, 2020 17:50:32 PM SimpleTomcat.catalina.Server logJVM
INFO : JVM Version:		1.8.0_171-b11
11 03, 2020 17:50:32 PM SimpleTomcat.catalina.Server logJVM
INFO : JVM Vendor:		Oracle Corporation
11 03, 2020 17:50:32 PM SimpleTomcat.catalina.Connector init
INFO : Initializing ProtocolHandler [http-bio-8080]
11 03, 2020 17:50:32 PM SimpleTomcat.catalina.Connector init
INFO : Initializing ProtocolHandler [http-bio-8081]
11 03, 2020 17:50:32 PM SimpleTomcat.catalina.Connector init
INFO : Initializing ProtocolHandler [http-bio-8082]
11 03, 2020 17:50:32 PM SimpleTomcat.catalina.Service init
INFO : Initialization processed in 4 ms
11 03, 2020 17:50:32 PM SimpleTomcat.catalina.Connector start
INFO : Starting ProtocolHandler [http-bio-8080]
11 03, 2020 17:50:32 PM SimpleTomcat.catalina.Connector start
INFO : Starting ProtocolHandler [http-bio-8081]
11 03, 2020 17:50:32 PM SimpleTomcat.catalina.Connector start
INFO : Starting ProtocolHandler [http-bio-8082]
11 03, 2020 17:50:32 PM SimpleTomcat.catalina.Server start
INFO : Server startup in 27 ms
11 03, 2020 17:52:15 PM SimpleTomcat.catalina.Context deploy
INFO : Deploying web application directory /Users/zifwang/Desktop/SimpleTomcat/webapps/j2ee
11 03, 2020 17:52:15 PM SimpleTomcat.catalina.Context deploy
INFO : Deployment of web application directory /Users/zifwang/Desktop/SimpleTomcat/webapps/j2ee succeed in 212 ms
11 03, 2020 17:52:15 PM SimpleTomcat.catalina.Context deploy
INFO : Deploying web application directory /Users/zifwang/Desktop/SimpleTomcat/webapps/a
11 03, 2020 17:52:15 PM SimpleTomcat.catalina.Context init
INFO : Web application directory /Users/zifwang/Desktop/SimpleTomcat/webapps/a doesn't contains web.xml file
11 03, 2020 17:52:15 PM SimpleTomcat.catalina.Context deploy
INFO : Deployment of web application directory /Users/zifwang/Desktop/SimpleTomcat/webapps/a succeed in 1 ms
11 03, 2020 17:52:15 PM SimpleTomcat.catalina.Context deploy
INFO : Deploying web application directory /Users/zifwang/Desktop/SimpleTomcat/webapps/ROOT
11 03, 2020 17:52:15 PM SimpleTomcat.catalina.Context init
INFO : Web application directory /Users/zifwang/Desktop/SimpleTomcat/webapps/ROOT doesn't contains web.xml file
11 03, 2020 17:52:15 PM SimpleTomcat.catalina.Context deploy
INFO : Deployment of web application directory /Users/zifwang/Desktop/SimpleTomcat/webapps/ROOT succeed in 1 ms
11 03, 2020 17:52:15 PM SimpleTomcat.catalina.Context deploy
INFO : Deploying web application directory /Users/zifwang/Desktop/SimpleTomcat/b
11 03, 2020 17:52:15 PM SimpleTomcat.catalina.Context init
INFO : Web application directory /Users/zifwang/Desktop/SimpleTomcat/b doesn't contains web.xml file
11 03, 2020 17:52:15 PM SimpleTomcat.catalina.Context deploy
INFO : Deployment of web application directory /Users/zifwang/Desktop/SimpleTomcat/b succeed in 1 ms
11 03, 2020 17:52:15 PM SimpleTomcat.catalina.Server logJVM
INFO : Server versions:		SimpleTomcat/1.0.1
11 03, 2020 17:52:15 PM SimpleTomcat.catalina.Server logJVM
INFO : Server built:		2020-11-03
11 03, 2020 17:52:15 PM SimpleTomcat.catalina.Server logJVM
INFO : Server number:		1.0.1
11 03, 2020 17:52:15 PM SimpleTomcat.catalina.Server logJVM
INFO : OS Name	:		Mac OS X
11 03, 2020 17:52:15 PM SimpleTomcat.catalina.Server logJVM
INFO : OS Version:		10.15.6
11 03, 2020 17:52:15 PM SimpleTomcat.catalina.Server logJVM
INFO : Architecture:		x86_64
11 03, 2020 17:52:15 PM SimpleTomcat.catalina.Server logJVM
INFO : Java Home:		/Library/Java/JavaVirtualMachines/jdk1.8.0_171.jdk/Contents/Home/jre
11 03, 2020 17:52:15 PM SimpleTomcat.catalina.Server logJVM
INFO : JVM Version:		1.8.0_171-b11
11 03, 2020 17:52:15 PM SimpleTomcat.catalina.Server logJVM
INFO : JVM Vendor:		Oracle Corporation
11 03, 2020 17:52:15 PM SimpleTomcat.catalina.Connector init
INFO : Initializing ProtocolHandler [http-bio-8080]
11 03, 2020 17:52:15 PM SimpleTomcat.catalina.Connector init
INFO : Initializing ProtocolHandler [http-bio-8081]
11 03, 2020 17:52:15 PM SimpleTomcat.catalina.Connector init
INFO : Initializing ProtocolHandler [http-bio-8082]
11 03, 2020 17:52:15 PM SimpleTomcat.catalina.Service init
INFO : Initialization processed in 2 ms
11 03, 2020 17:52:15 PM SimpleTomcat.catalina.Connector start
INFO : Starting ProtocolHandler [http-bio-8080]
11 03, 2020 17:52:15 PM SimpleTomcat.catalina.Connector start
INFO : Starting ProtocolHandler [http-bio-8081]
11 03, 2020 17:52:15 PM SimpleTomcat.catalina.Connector start
INFO : Starting ProtocolHandler [http-bio-8082]
11 03, 2020 17:52:15 PM SimpleTomcat.catalina.Server start
INFO : Server startup in 16 ms
11 03, 2020 17:52:23 PM SimpleTomcat.catalina.HttpProcessor error
ERROR: this is a deliberately created exception
java.lang.RuntimeException: this is a deliberately created exception
	at SimpleTomcat.servlet.DefaultServlet.service(DefaultServlet.java:42)
	at SimpleTomcat.catalina.HttpProcessor.execute(HttpProcessor.java:35)
	at SimpleTomcat.catalina.Connector$1.run(Connector.java:66)
	at java.util.concurrent.ThreadPoolExecutor.runWorker(ThreadPoolExecutor.java:1149)
	at java.util.concurrent.ThreadPoolExecutor$Worker.run(ThreadPoolExecutor.java:624)
	at java.lang.Thread.run(Thread.java:748)
11 03, 2020 17:52:28 PM SimpleTomcat.catalina.HttpProcessor error
ERROR: this is a deliberately created exception
java.lang.RuntimeException: this is a deliberately created exception
	at SimpleTomcat.servlet.DefaultServlet.service(DefaultServlet.java:42)
	at SimpleTomcat.catalina.HttpProcessor.execute(HttpProcessor.java:35)
	at SimpleTomcat.catalina.Connector$1.run(Connector.java:66)
	at java.util.concurrent.ThreadPoolExecutor.runWorker(ThreadPoolExecutor.java:1149)
	at java.util.concurrent.ThreadPoolExecutor$Worker.run(ThreadPoolExecutor.java:624)
	at java.lang.Thread.run(Thread.java:748)
